[2018-11-27 10:21:44,907][54148][amscache.py][line: 22][INFO] <init_cache> start....
[2018-11-27 10:21:44,948][54148][amscache.py][line: 36][INFO] <init_cache> end!
[2018-11-27 10:21:44,948][54148][orgcache.py][line: 21][INFO] <init_cache> start....
[2018-11-27 10:21:44,997][54148][orgcache.py][line: 27][INFO] <init_cache> end!
[2018-11-27 10:21:44,997][54148][locationcache.py][line: 20][INFO] <init_cache> start....
[2018-11-27 10:21:45,000][54148][locationcache.py][line: 28][INFO] <init_cache> end!
[2018-11-27 10:21:45,012][54148][amscache.py][line: 22][INFO] <init_cache> start....
[2018-11-27 10:21:45,068][54148][amscache.py][line: 36][INFO] <init_cache> end!
[2018-11-27 10:21:45,070][54148][orgcache.py][line: 21][INFO] <init_cache> start....
[2018-11-27 10:21:45,134][54148][orgcache.py][line: 27][INFO] <init_cache> end!
[2018-11-27 10:21:45,134][54148][locationcache.py][line: 20][INFO] <init_cache> start....
[2018-11-27 10:21:45,137][54148][locationcache.py][line: 28][INFO] <init_cache> end!
[2018-11-27 10:21:45,150][54148][amscache.py][line: 22][INFO] <init_cache> start....
[2018-11-27 10:21:45,309][54148][amscache.py][line: 36][INFO] <init_cache> end!
[2018-11-27 10:21:45,309][54148][orgcache.py][line: 21][INFO] <init_cache> start....
[2018-11-27 10:21:45,373][54148][orgcache.py][line: 27][INFO] <init_cache> end!
[2018-11-27 10:21:45,373][54148][locationcache.py][line: 20][INFO] <init_cache> start....
[2018-11-27 10:21:45,375][54148][locationcache.py][line: 28][INFO] <init_cache> end!
[2018-11-27 10:21:45,388][54148][amscache.py][line: 22][INFO] <init_cache> start....
[2018-11-27 10:21:45,438][54148][amscache.py][line: 36][INFO] <init_cache> end!
[2018-11-27 10:21:45,439][54148][orgcache.py][line: 21][INFO] <init_cache> start....
[2018-11-27 10:21:45,491][54148][orgcache.py][line: 27][INFO] <init_cache> end!
[2018-11-27 10:21:45,492][54148][locationcache.py][line: 20][INFO] <init_cache> start....
[2018-11-27 10:21:45,499][54148][locationcache.py][line: 28][INFO] <init_cache> end!
[2018-11-27 10:21:45,505][54148][amscache.py][line: 22][INFO] <init_cache> start....
[2018-11-27 10:21:45,567][54148][amscache.py][line: 36][INFO] <init_cache> end!
[2018-11-27 10:21:45,567][54148][orgcache.py][line: 21][INFO] <init_cache> start....
[2018-11-27 10:21:45,625][54148][orgcache.py][line: 27][INFO] <init_cache> end!
[2018-11-27 10:21:45,626][54148][locationcache.py][line: 20][INFO] <init_cache> start....
[2018-11-27 10:21:45,629][54148][locationcache.py][line: 28][INFO] <init_cache> end!
[2018-11-27 10:21:45,640][54148][amscache.py][line: 22][INFO] <init_cache> start....
[2018-11-27 10:21:45,643][54148][amscache.py][line: 36][INFO] <init_cache> end!
[2018-11-27 10:21:45,643][54148][orgcache.py][line: 21][INFO] <init_cache> start....
[2018-11-27 10:21:45,648][54148][orgcache.py][line: 27][INFO] <init_cache> end!
[2018-11-27 10:21:45,648][54148][locationcache.py][line: 20][INFO] <init_cache> start....
[2018-11-27 10:21:45,650][54148][locationcache.py][line: 28][INFO] <init_cache> end!
[2018-11-27 10:21:45,657][54148][amscache.py][line: 22][INFO] <init_cache> start....
[2018-11-27 10:21:45,660][54148][amscache.py][line: 36][INFO] <init_cache> end!
[2018-11-27 10:21:45,660][54148][orgcache.py][line: 21][INFO] <init_cache> start....
[2018-11-27 10:21:45,665][54148][orgcache.py][line: 27][INFO] <init_cache> end!
[2018-11-27 10:21:45,665][54148][locationcache.py][line: 20][INFO] <init_cache> start....
[2018-11-27 10:21:45,666][54148][locationcache.py][line: 28][INFO] <init_cache> end!
[2018-11-27 10:21:45,672][54148][amscache.py][line: 22][INFO] <init_cache> start....
[2018-11-27 10:21:45,674][54148][amscache.py][line: 36][INFO] <init_cache> end!
[2018-11-27 10:21:45,674][54148][orgcache.py][line: 21][INFO] <init_cache> start....
[2018-11-27 10:21:45,680][54148][orgcache.py][line: 27][INFO] <init_cache> end!
[2018-11-27 10:21:45,680][54148][locationcache.py][line: 20][INFO] <init_cache> start....
[2018-11-27 10:21:45,682][54148][locationcache.py][line: 28][INFO] <init_cache> end!
[2018-11-27 10:21:45,688][54148][amscache.py][line: 22][INFO] <init_cache> start....
[2018-11-27 10:21:45,691][54148][amscache.py][line: 36][INFO] <init_cache> end!
[2018-11-27 10:21:45,691][54148][orgcache.py][line: 21][INFO] <init_cache> start....
[2018-11-27 10:21:45,698][54148][orgcache.py][line: 27][INFO] <init_cache> end!
[2018-11-27 10:21:45,698][54148][locationcache.py][line: 20][INFO] <init_cache> start....
[2018-11-27 10:21:45,700][54148][locationcache.py][line: 28][INFO] <init_cache> end!
[2018-11-27 10:21:45,707][54148][amscache.py][line: 22][INFO] <init_cache> start....
[2018-11-27 10:21:45,710][54148][amscache.py][line: 36][INFO] <init_cache> end!
[2018-11-27 10:21:45,711][54148][orgcache.py][line: 21][INFO] <init_cache> start....
[2018-11-27 10:21:45,715][54148][orgcache.py][line: 27][INFO] <init_cache> end!
[2018-11-27 10:21:45,715][54148][locationcache.py][line: 20][INFO] <init_cache> start....
[2018-11-27 10:21:45,717][54148][locationcache.py][line: 28][INFO] <init_cache> end!
[2018-11-27 10:21:45,722][54148][amscache.py][line: 22][INFO] <init_cache> start....
[2018-11-27 10:21:45,725][54148][amscache.py][line: 36][INFO] <init_cache> end!
[2018-11-27 10:21:45,725][54148][orgcache.py][line: 21][INFO] <init_cache> start....
[2018-11-27 10:21:45,731][54148][orgcache.py][line: 27][INFO] <init_cache> end!
[2018-11-27 10:21:45,731][54148][locationcache.py][line: 20][INFO] <init_cache> start....
[2018-11-27 10:21:45,733][54148][locationcache.py][line: 28][INFO] <init_cache> end!
[2018-11-27 10:21:45,739][54148][amscache.py][line: 22][INFO] <init_cache> start....
[2018-11-27 10:21:45,741][54148][amscache.py][line: 36][INFO] <init_cache> end!
[2018-11-27 10:21:45,742][54148][orgcache.py][line: 21][INFO] <init_cache> start....
[2018-11-27 10:21:45,747][54148][orgcache.py][line: 27][INFO] <init_cache> end!
[2018-11-27 10:21:45,747][54148][locationcache.py][line: 20][INFO] <init_cache> start....
[2018-11-27 10:21:45,749][54148][locationcache.py][line: 28][INFO] <init_cache> end!
[2018-11-27 10:21:45,754][54148][amscache.py][line: 22][INFO] <init_cache> start....
[2018-11-27 10:21:45,756][54148][amscache.py][line: 36][INFO] <init_cache> end!
[2018-11-27 10:21:45,756][54148][orgcache.py][line: 21][INFO] <init_cache> start....
[2018-11-27 10:21:45,761][54148][orgcache.py][line: 27][INFO] <init_cache> end!
[2018-11-27 10:21:45,761][54148][locationcache.py][line: 20][INFO] <init_cache> start....
[2018-11-27 10:21:45,763][54148][locationcache.py][line: 28][INFO] <init_cache> end!
[2018-11-27 10:21:45,770][54148][amscache.py][line: 22][INFO] <init_cache> start....
[2018-11-27 10:21:45,772][54148][amscache.py][line: 36][INFO] <init_cache> end!
[2018-11-27 10:21:45,773][54148][orgcache.py][line: 21][INFO] <init_cache> start....
[2018-11-27 10:21:45,780][54148][orgcache.py][line: 27][INFO] <init_cache> end!
[2018-11-27 10:21:45,780][54148][locationcache.py][line: 20][INFO] <init_cache> start....
[2018-11-27 10:21:45,782][54148][locationcache.py][line: 28][INFO] <init_cache> end!
[2018-11-27 10:21:45,791][54148][amscache.py][line: 22][INFO] <init_cache> start....
[2018-11-27 10:21:45,797][54148][amscache.py][line: 36][INFO] <init_cache> end!
[2018-11-27 10:21:45,798][54148][orgcache.py][line: 21][INFO] <init_cache> start....
[2018-11-27 10:21:45,805][54148][orgcache.py][line: 27][INFO] <init_cache> end!
[2018-11-27 10:21:45,806][54148][locationcache.py][line: 20][INFO] <init_cache> start....
[2018-11-27 10:21:45,808][54148][locationcache.py][line: 28][INFO] <init_cache> end!
[2018-11-27 10:21:45,820][54148][amscache.py][line: 22][INFO] <init_cache> start....
[2018-11-27 10:21:45,823][54148][amscache.py][line: 36][INFO] <init_cache> end!
[2018-11-27 10:21:45,824][54148][orgcache.py][line: 21][INFO] <init_cache> start....
[2018-11-27 10:21:45,835][54148][orgcache.py][line: 27][INFO] <init_cache> end!
[2018-11-27 10:21:45,836][54148][locationcache.py][line: 20][INFO] <init_cache> start....
[2018-11-27 10:21:45,838][54148][locationcache.py][line: 28][INFO] <init_cache> end!
[2018-11-27 10:21:45,849][54148][amscache.py][line: 22][INFO] <init_cache> start....
[2018-11-27 10:21:45,852][54148][amscache.py][line: 36][INFO] <init_cache> end!
[2018-11-27 10:21:45,852][54148][orgcache.py][line: 21][INFO] <init_cache> start....
[2018-11-27 10:21:45,857][54148][orgcache.py][line: 27][INFO] <init_cache> end!
[2018-11-27 10:21:45,858][54148][locationcache.py][line: 20][INFO] <init_cache> start....
[2018-11-27 10:21:45,862][54148][locationcache.py][line: 28][INFO] <init_cache> end!
[2018-11-27 10:21:45,872][54148][amscache.py][line: 22][INFO] <init_cache> start....
[2018-11-27 10:21:45,874][54148][amscache.py][line: 36][INFO] <init_cache> end!
[2018-11-27 10:21:45,874][54148][orgcache.py][line: 21][INFO] <init_cache> start....
[2018-11-27 10:21:45,883][54148][orgcache.py][line: 27][INFO] <init_cache> end!
[2018-11-27 10:21:45,884][54148][locationcache.py][line: 20][INFO] <init_cache> start....
[2018-11-27 10:21:45,886][54148][locationcache.py][line: 28][INFO] <init_cache> end!
[2018-11-27 10:21:45,894][54148][amscache.py][line: 22][INFO] <init_cache> start....
[2018-11-27 10:21:45,901][54148][amscache.py][line: 36][INFO] <init_cache> end!
[2018-11-27 10:21:45,901][54148][orgcache.py][line: 21][INFO] <init_cache> start....
[2018-11-27 10:21:45,910][54148][orgcache.py][line: 27][INFO] <init_cache> end!
[2018-11-27 10:21:45,911][54148][locationcache.py][line: 20][INFO] <init_cache> start....
[2018-11-27 10:21:45,915][54148][locationcache.py][line: 28][INFO] <init_cache> end!
[2018-11-27 10:21:45,922][54148][amscache.py][line: 22][INFO] <init_cache> start....
[2018-11-27 10:21:45,925][54148][amscache.py][line: 36][INFO] <init_cache> end!
[2018-11-27 10:21:45,925][54148][orgcache.py][line: 21][INFO] <init_cache> start....
[2018-11-27 10:21:45,936][54148][orgcache.py][line: 27][INFO] <init_cache> end!
[2018-11-27 10:21:45,937][54148][locationcache.py][line: 20][INFO] <init_cache> start....
[2018-11-27 10:21:45,939][54148][locationcache.py][line: 28][INFO] <init_cache> end!
[2018-11-27 10:21:45,949][54148][amscache.py][line: 22][INFO] <init_cache> start....
[2018-11-27 10:21:45,951][54148][amscache.py][line: 36][INFO] <init_cache> end!
[2018-11-27 10:21:45,951][54148][orgcache.py][line: 21][INFO] <init_cache> start....
[2018-11-27 10:21:45,957][54148][orgcache.py][line: 27][INFO] <init_cache> end!
[2018-11-27 10:21:45,958][54148][locationcache.py][line: 20][INFO] <init_cache> start....
[2018-11-27 10:21:45,959][54148][locationcache.py][line: 28][INFO] <init_cache> end!
[2018-11-27 10:21:45,967][54148][amscache.py][line: 22][INFO] <init_cache> start....
[2018-11-27 10:21:45,970][54148][amscache.py][line: 36][INFO] <init_cache> end!
[2018-11-27 10:21:45,970][54148][orgcache.py][line: 21][INFO] <init_cache> start....
[2018-11-27 10:21:45,975][54148][orgcache.py][line: 27][INFO] <init_cache> end!
[2018-11-27 10:21:45,975][54148][locationcache.py][line: 20][INFO] <init_cache> start....
[2018-11-27 10:21:45,977][54148][locationcache.py][line: 28][INFO] <init_cache> end!
[2018-11-27 10:21:45,982][54148][amscache.py][line: 22][INFO] <init_cache> start....
[2018-11-27 10:21:45,984][54148][amscache.py][line: 36][INFO] <init_cache> end!
[2018-11-27 10:21:45,984][54148][orgcache.py][line: 21][INFO] <init_cache> start....
[2018-11-27 10:21:45,989][54148][orgcache.py][line: 27][INFO] <init_cache> end!
[2018-11-27 10:21:45,990][54148][locationcache.py][line: 20][INFO] <init_cache> start....
[2018-11-27 10:21:45,991][54148][locationcache.py][line: 28][INFO] <init_cache> end!
[2018-11-27 10:21:45,998][54148][amscache.py][line: 22][INFO] <init_cache> start....
[2018-11-27 10:21:46,000][54148][amscache.py][line: 36][INFO] <init_cache> end!
[2018-11-27 10:21:46,001][54148][orgcache.py][line: 21][INFO] <init_cache> start....
[2018-11-27 10:21:46,006][54148][orgcache.py][line: 27][INFO] <init_cache> end!
[2018-11-27 10:21:46,006][54148][locationcache.py][line: 20][INFO] <init_cache> start....
[2018-11-27 10:21:46,009][54148][locationcache.py][line: 28][INFO] <init_cache> end!
[2018-11-27 10:21:46,018][54148][amscache.py][line: 22][INFO] <init_cache> start....
[2018-11-27 10:21:46,021][54148][amscache.py][line: 36][INFO] <init_cache> end!
[2018-11-27 10:21:46,021][54148][orgcache.py][line: 21][INFO] <init_cache> start....
[2018-11-27 10:21:46,032][54148][orgcache.py][line: 27][INFO] <init_cache> end!
[2018-11-27 10:21:46,033][54148][locationcache.py][line: 20][INFO] <init_cache> start....
[2018-11-27 10:21:46,035][54148][locationcache.py][line: 28][INFO] <init_cache> end!
[2018-11-27 10:21:46,045][54148][amscache.py][line: 22][INFO] <init_cache> start....
[2018-11-27 10:21:46,049][54148][amscache.py][line: 36][INFO] <init_cache> end!
[2018-11-27 10:21:46,049][54148][orgcache.py][line: 21][INFO] <init_cache> start....
[2018-11-27 10:21:46,054][54148][orgcache.py][line: 27][INFO] <init_cache> end!
[2018-11-27 10:21:46,055][54148][locationcache.py][line: 20][INFO] <init_cache> start....
[2018-11-27 10:21:46,057][54148][locationcache.py][line: 28][INFO] <init_cache> end!
[2018-11-27 10:21:46,067][54148][amscache.py][line: 22][INFO] <init_cache> start....
[2018-11-27 10:21:46,070][54148][amscache.py][line: 36][INFO] <init_cache> end!
[2018-11-27 10:21:46,070][54148][orgcache.py][line: 21][INFO] <init_cache> start....
[2018-11-27 10:21:46,087][54148][orgcache.py][line: 27][INFO] <init_cache> end!
[2018-11-27 10:21:46,088][54148][locationcache.py][line: 20][INFO] <init_cache> start....
[2018-11-27 10:21:46,090][54148][locationcache.py][line: 28][INFO] <init_cache> end!
[2018-11-27 10:21:46,101][54148][amscache.py][line: 22][INFO] <init_cache> start....
[2018-11-27 10:21:46,105][54148][amscache.py][line: 36][INFO] <init_cache> end!
[2018-11-27 10:21:46,105][54148][orgcache.py][line: 21][INFO] <init_cache> start....
[2018-11-27 10:21:46,115][54148][orgcache.py][line: 27][INFO] <init_cache> end!
[2018-11-27 10:21:46,115][54148][locationcache.py][line: 20][INFO] <init_cache> start....
[2018-11-27 10:21:46,118][54148][locationcache.py][line: 28][INFO] <init_cache> end!
[2018-11-27 10:21:46,125][54148][amscache.py][line: 22][INFO] <init_cache> start....
[2018-11-27 10:21:46,131][54148][amscache.py][line: 36][INFO] <init_cache> end!
[2018-11-27 10:21:46,132][54148][orgcache.py][line: 21][INFO] <init_cache> start....
[2018-11-27 10:21:46,141][54148][orgcache.py][line: 27][INFO] <init_cache> end!
[2018-11-27 10:21:46,141][54148][locationcache.py][line: 20][INFO] <init_cache> start....
[2018-11-27 10:21:46,148][54148][locationcache.py][line: 28][INFO] <init_cache> end!
[2018-11-27 10:21:46,157][54148][amscache.py][line: 22][INFO] <init_cache> start....
[2018-11-27 10:21:46,159][54148][amscache.py][line: 36][INFO] <init_cache> end!
[2018-11-27 10:21:46,159][54148][orgcache.py][line: 21][INFO] <init_cache> start....
[2018-11-27 10:21:46,169][54148][orgcache.py][line: 27][INFO] <init_cache> end!
[2018-11-27 10:21:46,169][54148][locationcache.py][line: 20][INFO] <init_cache> start....
[2018-11-27 10:21:46,171][54148][locationcache.py][line: 28][INFO] <init_cache> end!
[2018-11-27 10:21:46,180][54148][amscache.py][line: 22][INFO] <init_cache> start....
[2018-11-27 10:21:46,182][54148][amscache.py][line: 36][INFO] <init_cache> end!
[2018-11-27 10:21:46,182][54148][orgcache.py][line: 21][INFO] <init_cache> start....
[2018-11-27 10:21:46,188][54148][orgcache.py][line: 27][INFO] <init_cache> end!
[2018-11-27 10:21:46,188][54148][locationcache.py][line: 20][INFO] <init_cache> start....
[2018-11-27 10:21:46,190][54148][locationcache.py][line: 28][INFO] <init_cache> end!
[2018-11-27 10:21:46,196][54148][amscache.py][line: 22][INFO] <init_cache> start....
[2018-11-27 10:21:46,198][54148][amscache.py][line: 36][INFO] <init_cache> end!
[2018-11-27 10:21:46,198][54148][orgcache.py][line: 21][INFO] <init_cache> start....
[2018-11-27 10:21:46,203][54148][orgcache.py][line: 27][INFO] <init_cache> end!
[2018-11-27 10:21:46,204][54148][locationcache.py][line: 20][INFO] <init_cache> start....
[2018-11-27 10:21:46,205][54148][locationcache.py][line: 28][INFO] <init_cache> end!
[2018-11-27 10:21:46,210][54148][amscache.py][line: 22][INFO] <init_cache> start....
[2018-11-27 10:21:46,213][54148][amscache.py][line: 36][INFO] <init_cache> end!
[2018-11-27 10:21:46,213][54148][orgcache.py][line: 21][INFO] <init_cache> start....
[2018-11-27 10:21:46,221][54148][orgcache.py][line: 27][INFO] <init_cache> end!
[2018-11-27 10:21:46,221][54148][locationcache.py][line: 20][INFO] <init_cache> start....
[2018-11-27 10:21:46,223][54148][locationcache.py][line: 28][INFO] <init_cache> end!
[2018-11-27 10:21:46,231][54148][amscache.py][line: 22][INFO] <init_cache> start....
[2018-11-27 10:21:46,233][54148][amscache.py][line: 36][INFO] <init_cache> end!
[2018-11-27 10:21:46,233][54148][orgcache.py][line: 21][INFO] <init_cache> start....
[2018-11-27 10:21:46,238][54148][orgcache.py][line: 27][INFO] <init_cache> end!
[2018-11-27 10:21:46,238][54148][locationcache.py][line: 20][INFO] <init_cache> start....
[2018-11-27 10:21:46,240][54148][locationcache.py][line: 28][INFO] <init_cache> end!
[2018-11-27 10:21:46,245][54148][amscache.py][line: 22][INFO] <init_cache> start....
[2018-11-27 10:21:46,248][54148][amscache.py][line: 36][INFO] <init_cache> end!
[2018-11-27 10:21:46,248][54148][orgcache.py][line: 21][INFO] <init_cache> start....
[2018-11-27 10:21:46,252][54148][orgcache.py][line: 27][INFO] <init_cache> end!
[2018-11-27 10:21:46,253][54148][locationcache.py][line: 20][INFO] <init_cache> start....
[2018-11-27 10:21:46,255][54148][locationcache.py][line: 28][INFO] <init_cache> end!
[2018-11-27 10:21:46,262][54148][amscache.py][line: 22][INFO] <init_cache> start....
[2018-11-27 10:21:46,264][54148][amscache.py][line: 36][INFO] <init_cache> end!
[2018-11-27 10:21:46,265][54148][orgcache.py][line: 21][INFO] <init_cache> start....
[2018-11-27 10:21:46,271][54148][orgcache.py][line: 27][INFO] <init_cache> end!
[2018-11-27 10:21:46,272][54148][locationcache.py][line: 20][INFO] <init_cache> start....
[2018-11-27 10:21:46,274][54148][locationcache.py][line: 28][INFO] <init_cache> end!
[2018-11-27 10:21:46,280][54148][amscache.py][line: 22][INFO] <init_cache> start....
[2018-11-27 10:21:46,283][54148][amscache.py][line: 36][INFO] <init_cache> end!
[2018-11-27 10:21:46,283][54148][orgcache.py][line: 21][INFO] <init_cache> start....
[2018-11-27 10:21:46,288][54148][orgcache.py][line: 27][INFO] <init_cache> end!
[2018-11-27 10:21:46,288][54148][locationcache.py][line: 20][INFO] <init_cache> start....
[2018-11-27 10:21:46,290][54148][locationcache.py][line: 28][INFO] <init_cache> end!
[2018-11-27 10:21:46,294][54148][amscache.py][line: 22][INFO] <init_cache> start....
[2018-11-27 10:21:46,297][54148][amscache.py][line: 36][INFO] <init_cache> end!
[2018-11-27 10:21:46,297][54148][orgcache.py][line: 21][INFO] <init_cache> start....
[2018-11-27 10:21:46,302][54148][orgcache.py][line: 27][INFO] <init_cache> end!
[2018-11-27 10:21:46,302][54148][locationcache.py][line: 20][INFO] <init_cache> start....
[2018-11-27 10:21:46,304][54148][locationcache.py][line: 28][INFO] <init_cache> end!
[2018-11-27 10:21:46,310][54148][amscache.py][line: 22][INFO] <init_cache> start....
[2018-11-27 10:21:46,312][54148][amscache.py][line: 36][INFO] <init_cache> end!
[2018-11-27 10:21:46,312][54148][orgcache.py][line: 21][INFO] <init_cache> start....
[2018-11-27 10:21:46,319][54148][orgcache.py][line: 27][INFO] <init_cache> end!
[2018-11-27 10:21:46,319][54148][locationcache.py][line: 20][INFO] <init_cache> start....
[2018-11-27 10:21:46,321][54148][locationcache.py][line: 28][INFO] <init_cache> end!
[2018-11-27 10:21:46,326][54148][amscache.py][line: 22][INFO] <init_cache> start....
[2018-11-27 10:21:46,329][54148][amscache.py][line: 36][INFO] <init_cache> end!
[2018-11-27 10:21:46,329][54148][orgcache.py][line: 21][INFO] <init_cache> start....
[2018-11-27 10:21:46,334][54148][orgcache.py][line: 27][INFO] <init_cache> end!
[2018-11-27 10:21:46,334][54148][locationcache.py][line: 20][INFO] <init_cache> start....
[2018-11-27 10:21:46,336][54148][locationcache.py][line: 28][INFO] <init_cache> end!
[2018-11-27 10:21:46,340][54148][amscache.py][line: 22][INFO] <init_cache> start....
[2018-11-27 10:21:46,343][54148][amscache.py][line: 36][INFO] <init_cache> end!
[2018-11-27 10:21:46,343][54148][orgcache.py][line: 21][INFO] <init_cache> start....
[2018-11-27 10:21:46,348][54148][orgcache.py][line: 27][INFO] <init_cache> end!
[2018-11-27 10:21:46,349][54148][locationcache.py][line: 20][INFO] <init_cache> start....
[2018-11-27 10:21:46,350][54148][locationcache.py][line: 28][INFO] <init_cache> end!
[2018-11-27 10:21:46,355][54148][amscache.py][line: 22][INFO] <init_cache> start....
[2018-11-27 10:21:46,357][54148][amscache.py][line: 36][INFO] <init_cache> end!
[2018-11-27 10:21:46,358][54148][orgcache.py][line: 21][INFO] <init_cache> start....
[2018-11-27 10:21:46,363][54148][orgcache.py][line: 27][INFO] <init_cache> end!
[2018-11-27 10:21:46,363][54148][locationcache.py][line: 20][INFO] <init_cache> start....
[2018-11-27 10:21:46,365][54148][locationcache.py][line: 28][INFO] <init_cache> end!
[2018-11-27 10:21:46,369][54148][amscache.py][line: 22][INFO] <init_cache> start....
[2018-11-27 10:21:46,372][54148][amscache.py][line: 36][INFO] <init_cache> end!
[2018-11-27 10:21:46,372][54148][orgcache.py][line: 21][INFO] <init_cache> start....
[2018-11-27 10:21:46,377][54148][orgcache.py][line: 27][INFO] <init_cache> end!
[2018-11-27 10:21:46,377][54148][locationcache.py][line: 20][INFO] <init_cache> start....
[2018-11-27 10:21:46,379][54148][locationcache.py][line: 28][INFO] <init_cache> end!
[2018-11-27 10:21:46,383][54148][amscache.py][line: 22][INFO] <init_cache> start....
[2018-11-27 10:21:46,385][54148][amscache.py][line: 36][INFO] <init_cache> end!
[2018-11-27 10:21:46,386][54148][orgcache.py][line: 21][INFO] <init_cache> start....
[2018-11-27 10:21:46,391][54148][orgcache.py][line: 27][INFO] <init_cache> end!
[2018-11-27 10:21:46,392][54148][locationcache.py][line: 20][INFO] <init_cache> start....
[2018-11-27 10:21:46,393][54148][locationcache.py][line: 28][INFO] <init_cache> end!
[2018-11-27 10:21:46,398][54148][amscache.py][line: 22][INFO] <init_cache> start....
[2018-11-27 10:21:46,402][54148][amscache.py][line: 36][INFO] <init_cache> end!
[2018-11-27 10:21:46,402][54148][orgcache.py][line: 21][INFO] <init_cache> start....
[2018-11-27 10:21:46,408][54148][orgcache.py][line: 27][INFO] <init_cache> end!
[2018-11-27 10:21:46,408][54148][locationcache.py][line: 20][INFO] <init_cache> start....
[2018-11-27 10:21:46,410][54148][locationcache.py][line: 28][INFO] <init_cache> end!
[2018-11-27 10:21:46,415][54148][amscache.py][line: 22][INFO] <init_cache> start....
[2018-11-27 10:21:46,418][54148][amscache.py][line: 36][INFO] <init_cache> end!
[2018-11-27 10:21:46,418][54148][orgcache.py][line: 21][INFO] <init_cache> start....
[2018-11-27 10:21:46,423][54148][orgcache.py][line: 27][INFO] <init_cache> end!
[2018-11-27 10:21:46,423][54148][locationcache.py][line: 20][INFO] <init_cache> start....
[2018-11-27 10:21:46,425][54148][locationcache.py][line: 28][INFO] <init_cache> end!
[2018-11-27 10:21:46,430][54148][amscache.py][line: 22][INFO] <init_cache> start....
[2018-11-27 10:21:46,433][54148][amscache.py][line: 36][INFO] <init_cache> end!
[2018-11-27 10:21:46,433][54148][orgcache.py][line: 21][INFO] <init_cache> start....
[2018-11-27 10:21:46,437][54148][orgcache.py][line: 27][INFO] <init_cache> end!
[2018-11-27 10:21:46,438][54148][locationcache.py][line: 20][INFO] <init_cache> start....
[2018-11-27 10:21:46,440][54148][locationcache.py][line: 28][INFO] <init_cache> end!
[2018-11-27 10:21:46,444][54148][amscache.py][line: 22][INFO] <init_cache> start....
[2018-11-27 10:21:46,447][54148][amscache.py][line: 36][INFO] <init_cache> end!
[2018-11-27 10:21:46,447][54148][orgcache.py][line: 21][INFO] <init_cache> start....
[2018-11-27 10:21:46,452][54148][orgcache.py][line: 27][INFO] <init_cache> end!
[2018-11-27 10:21:46,452][54148][locationcache.py][line: 20][INFO] <init_cache> start....
[2018-11-27 10:21:46,454][54148][locationcache.py][line: 28][INFO] <init_cache> end!
[2018-11-27 10:21:46,459][54148][amscache.py][line: 22][INFO] <init_cache> start....
[2018-11-27 10:21:46,461][54148][amscache.py][line: 36][INFO] <init_cache> end!
[2018-11-27 10:21:46,462][54148][orgcache.py][line: 21][INFO] <init_cache> start....
[2018-11-27 10:21:46,467][54148][orgcache.py][line: 27][INFO] <init_cache> end!
[2018-11-27 10:21:46,467][54148][locationcache.py][line: 20][INFO] <init_cache> start....
[2018-11-27 10:21:46,468][54148][locationcache.py][line: 28][INFO] <init_cache> end!
[2018-11-27 10:21:46,474][54148][amscache.py][line: 22][INFO] <init_cache> start....
[2018-11-27 10:21:46,477][54148][amscache.py][line: 36][INFO] <init_cache> end!
[2018-11-27 10:21:46,477][54148][orgcache.py][line: 21][INFO] <init_cache> start....
[2018-11-27 10:21:46,482][54148][orgcache.py][line: 27][INFO] <init_cache> end!
[2018-11-27 10:21:46,482][54148][locationcache.py][line: 20][INFO] <init_cache> start....
[2018-11-27 10:21:46,485][54148][locationcache.py][line: 28][INFO] <init_cache> end!
[2018-11-27 10:21:46,490][54148][amscache.py][line: 22][INFO] <init_cache> start....
[2018-11-27 10:21:46,492][54148][amscache.py][line: 36][INFO] <init_cache> end!
[2018-11-27 10:21:46,493][54148][orgcache.py][line: 21][INFO] <init_cache> start....
[2018-11-27 10:21:46,499][54148][orgcache.py][line: 27][INFO] <init_cache> end!
[2018-11-27 10:21:46,500][54148][locationcache.py][line: 20][INFO] <init_cache> start....
[2018-11-27 10:21:46,502][54148][locationcache.py][line: 28][INFO] <init_cache> end!
[2018-11-27 10:21:46,507][54148][amscache.py][line: 22][INFO] <init_cache> start....
[2018-11-27 10:21:46,510][54148][amscache.py][line: 36][INFO] <init_cache> end!
[2018-11-27 10:21:46,510][54148][orgcache.py][line: 21][INFO] <init_cache> start....
[2018-11-27 10:21:46,515][54148][orgcache.py][line: 27][INFO] <init_cache> end!
[2018-11-27 10:21:46,515][54148][locationcache.py][line: 20][INFO] <init_cache> start....
[2018-11-27 10:21:46,517][54148][locationcache.py][line: 28][INFO] <init_cache> end!
[2018-11-27 10:21:46,522][54148][amscache.py][line: 22][INFO] <init_cache> start....
[2018-11-27 10:21:46,524][54148][amscache.py][line: 36][INFO] <init_cache> end!
[2018-11-27 10:21:46,525][54148][orgcache.py][line: 21][INFO] <init_cache> start....
[2018-11-27 10:21:46,530][54148][orgcache.py][line: 27][INFO] <init_cache> end!
[2018-11-27 10:21:46,530][54148][locationcache.py][line: 20][INFO] <init_cache> start....
[2018-11-27 10:21:46,533][54148][locationcache.py][line: 28][INFO] <init_cache> end!
[2018-11-27 10:21:46,537][54148][amscache.py][line: 22][INFO] <init_cache> start....
[2018-11-27 10:21:46,539][54148][amscache.py][line: 36][INFO] <init_cache> end!
[2018-11-27 10:21:46,540][54148][orgcache.py][line: 21][INFO] <init_cache> start....
[2018-11-27 10:21:46,545][54148][orgcache.py][line: 27][INFO] <init_cache> end!
[2018-11-27 10:21:46,546][54148][locationcache.py][line: 20][INFO] <init_cache> start....
[2018-11-27 10:21:46,547][54148][locationcache.py][line: 28][INFO] <init_cache> end!
[2018-11-27 10:21:46,552][54148][amscache.py][line: 22][INFO] <init_cache> start....
[2018-11-27 10:21:46,556][54148][amscache.py][line: 36][INFO] <init_cache> end!
[2018-11-27 10:21:46,556][54148][orgcache.py][line: 21][INFO] <init_cache> start....
[2018-11-27 10:21:46,561][54148][orgcache.py][line: 27][INFO] <init_cache> end!
[2018-11-27 10:21:46,561][54148][locationcache.py][line: 20][INFO] <init_cache> start....
[2018-11-27 10:21:46,563][54148][locationcache.py][line: 28][INFO] <init_cache> end!
[2018-11-27 10:21:46,568][54148][amscache.py][line: 22][INFO] <init_cache> start....
[2018-11-27 10:21:46,571][54148][amscache.py][line: 36][INFO] <init_cache> end!
[2018-11-27 10:21:46,571][54148][orgcache.py][line: 21][INFO] <init_cache> start....
[2018-11-27 10:21:46,576][54148][orgcache.py][line: 27][INFO] <init_cache> end!
[2018-11-27 10:21:46,576][54148][locationcache.py][line: 20][INFO] <init_cache> start....
[2018-11-27 10:21:46,578][54148][locationcache.py][line: 28][INFO] <init_cache> end!
[2018-11-27 10:21:46,583][54148][amscache.py][line: 22][INFO] <init_cache> start....
[2018-11-27 10:21:46,586][54148][amscache.py][line: 36][INFO] <init_cache> end!
[2018-11-27 10:21:46,586][54148][orgcache.py][line: 21][INFO] <init_cache> start....
[2018-11-27 10:21:46,592][54148][orgcache.py][line: 27][INFO] <init_cache> end!
[2018-11-27 10:21:46,592][54148][locationcache.py][line: 20][INFO] <init_cache> start....
[2018-11-27 10:21:46,594][54148][locationcache.py][line: 28][INFO] <init_cache> end!
[2018-11-27 10:21:46,599][54148][amscache.py][line: 22][INFO] <init_cache> start....
[2018-11-27 10:21:46,602][54148][amscache.py][line: 36][INFO] <init_cache> end!
[2018-11-27 10:21:46,602][54148][orgcache.py][line: 21][INFO] <init_cache> start....
[2018-11-27 10:21:46,607][54148][orgcache.py][line: 27][INFO] <init_cache> end!
[2018-11-27 10:21:46,607][54148][locationcache.py][line: 20][INFO] <init_cache> start....
[2018-11-27 10:21:46,610][54148][locationcache.py][line: 28][INFO] <init_cache> end!
[2018-11-27 10:21:46,615][54148][amscache.py][line: 22][INFO] <init_cache> start....
[2018-11-27 10:21:46,617][54148][amscache.py][line: 36][INFO] <init_cache> end!
[2018-11-27 10:21:46,618][54148][orgcache.py][line: 21][INFO] <init_cache> start....
[2018-11-27 10:21:46,625][54148][orgcache.py][line: 27][INFO] <init_cache> end!
[2018-11-27 10:21:46,625][54148][locationcache.py][line: 20][INFO] <init_cache> start....
[2018-11-27 10:21:46,627][54148][locationcache.py][line: 28][INFO] <init_cache> end!
[2018-11-27 10:21:46,633][54148][amscache.py][line: 22][INFO] <init_cache> start....
[2018-11-27 10:21:46,636][54148][amscache.py][line: 36][INFO] <init_cache> end!
[2018-11-27 10:21:46,636][54148][orgcache.py][line: 21][INFO] <init_cache> start....
[2018-11-27 10:21:46,642][54148][orgcache.py][line: 27][INFO] <init_cache> end!
[2018-11-27 10:21:46,643][54148][locationcache.py][line: 20][INFO] <init_cache> start....
[2018-11-27 10:21:46,645][54148][locationcache.py][line: 28][INFO] <init_cache> end!
[2018-11-27 10:21:46,650][54148][amscache.py][line: 22][INFO] <init_cache> start....
[2018-11-27 10:21:46,652][54148][amscache.py][line: 36][INFO] <init_cache> end!
[2018-11-27 10:21:46,653][54148][orgcache.py][line: 21][INFO] <init_cache> start....
[2018-11-27 10:21:46,658][54148][orgcache.py][line: 27][INFO] <init_cache> end!
[2018-11-27 10:21:46,658][54148][locationcache.py][line: 20][INFO] <init_cache> start....
[2018-11-27 10:21:46,660][54148][locationcache.py][line: 28][INFO] <init_cache> end!
[2018-11-27 10:21:46,665][54148][amscache.py][line: 22][INFO] <init_cache> start....
[2018-11-27 10:21:46,668][54148][amscache.py][line: 36][INFO] <init_cache> end!
[2018-11-27 10:21:46,668][54148][orgcache.py][line: 21][INFO] <init_cache> start....
[2018-11-27 10:21:46,673][54148][orgcache.py][line: 27][INFO] <init_cache> end!
[2018-11-27 10:21:46,673][54148][locationcache.py][line: 20][INFO] <init_cache> start....
[2018-11-27 10:21:46,675][54148][locationcache.py][line: 28][INFO] <init_cache> end!
[2018-11-27 10:21:46,680][54148][amscache.py][line: 22][INFO] <init_cache> start....
[2018-11-27 10:21:46,682][54148][amscache.py][line: 36][INFO] <init_cache> end!
[2018-11-27 10:21:46,683][54148][orgcache.py][line: 21][INFO] <init_cache> start....
[2018-11-27 10:21:46,689][54148][orgcache.py][line: 27][INFO] <init_cache> end!
[2018-11-27 10:21:46,689][54148][locationcache.py][line: 20][INFO] <init_cache> start....
[2018-11-27 10:21:46,691][54148][locationcache.py][line: 28][INFO] <init_cache> end!
[2018-11-27 10:21:46,696][54148][amscache.py][line: 22][INFO] <init_cache> start....
[2018-11-27 10:21:46,699][54148][amscache.py][line: 36][INFO] <init_cache> end!
[2018-11-27 10:21:46,699][54148][orgcache.py][line: 21][INFO] <init_cache> start....
[2018-11-27 10:21:46,703][54148][orgcache.py][line: 27][INFO] <init_cache> end!
[2018-11-27 10:21:46,704][54148][locationcache.py][line: 20][INFO] <init_cache> start....
[2018-11-27 10:21:46,706][54148][locationcache.py][line: 28][INFO] <init_cache> end!
[2018-11-27 10:21:46,710][54148][amscache.py][line: 22][INFO] <init_cache> start....
[2018-11-27 10:21:46,714][54148][amscache.py][line: 36][INFO] <init_cache> end!
[2018-11-27 10:21:46,714][54148][orgcache.py][line: 21][INFO] <init_cache> start....
[2018-11-27 10:21:46,719][54148][orgcache.py][line: 27][INFO] <init_cache> end!
[2018-11-27 10:21:46,719][54148][locationcache.py][line: 20][INFO] <init_cache> start....
[2018-11-27 10:21:46,721][54148][locationcache.py][line: 28][INFO] <init_cache> end!
[2018-11-27 10:21:46,725][54148][amscache.py][line: 22][INFO] <init_cache> start....
[2018-11-27 10:21:46,728][54148][amscache.py][line: 36][INFO] <init_cache> end!
[2018-11-27 10:21:46,728][54148][orgcache.py][line: 21][INFO] <init_cache> start....
[2018-11-27 10:21:46,733][54148][orgcache.py][line: 27][INFO] <init_cache> end!
[2018-11-27 10:21:46,734][54148][locationcache.py][line: 20][INFO] <init_cache> start....
[2018-11-27 10:21:46,736][54148][locationcache.py][line: 28][INFO] <init_cache> end!
[2018-11-27 10:21:46,741][54148][amscache.py][line: 22][INFO] <init_cache> start....
[2018-11-27 10:21:46,744][54148][amscache.py][line: 36][INFO] <init_cache> end!
[2018-11-27 10:21:46,744][54148][orgcache.py][line: 21][INFO] <init_cache> start....
[2018-11-27 10:21:46,748][54148][orgcache.py][line: 27][INFO] <init_cache> end!
[2018-11-27 10:21:46,749][54148][locationcache.py][line: 20][INFO] <init_cache> start....
[2018-11-27 10:21:46,751][54148][locationcache.py][line: 28][INFO] <init_cache> end!
[2018-11-27 10:21:46,756][54148][amscache.py][line: 22][INFO] <init_cache> start....
[2018-11-27 10:21:46,758][54148][amscache.py][line: 36][INFO] <init_cache> end!
[2018-11-27 10:21:46,758][54148][orgcache.py][line: 21][INFO] <init_cache> start....
[2018-11-27 10:21:46,764][54148][orgcache.py][line: 27][INFO] <init_cache> end!
[2018-11-27 10:21:46,764][54148][locationcache.py][line: 20][INFO] <init_cache> start....
[2018-11-27 10:21:46,767][54148][locationcache.py][line: 28][INFO] <init_cache> end!
[2018-11-27 10:21:46,772][54148][amscache.py][line: 22][INFO] <init_cache> start....
[2018-11-27 10:21:46,774][54148][amscache.py][line: 36][INFO] <init_cache> end!
[2018-11-27 10:21:46,775][54148][orgcache.py][line: 21][INFO] <init_cache> start....
[2018-11-27 10:21:46,782][54148][orgcache.py][line: 27][INFO] <init_cache> end!
[2018-11-27 10:21:46,782][54148][locationcache.py][line: 20][INFO] <init_cache> start....
[2018-11-27 10:21:46,784][54148][locationcache.py][line: 28][INFO] <init_cache> end!
[2018-11-27 10:21:46,789][54148][amscache.py][line: 22][INFO] <init_cache> start....
[2018-11-27 10:21:46,791][54148][amscache.py][line: 36][INFO] <init_cache> end!
[2018-11-27 10:21:46,791][54148][orgcache.py][line: 21][INFO] <init_cache> start....
[2018-11-27 10:21:46,797][54148][orgcache.py][line: 27][INFO] <init_cache> end!
[2018-11-27 10:21:46,797][54148][locationcache.py][line: 20][INFO] <init_cache> start....
[2018-11-27 10:21:46,799][54148][locationcache.py][line: 28][INFO] <init_cache> end!
[2018-11-27 10:21:46,804][54148][amscache.py][line: 22][INFO] <init_cache> start....
[2018-11-27 10:21:46,807][54148][amscache.py][line: 36][INFO] <init_cache> end!
[2018-11-27 10:21:46,808][54148][orgcache.py][line: 21][INFO] <init_cache> start....
[2018-11-27 10:21:46,812][54148][orgcache.py][line: 27][INFO] <init_cache> end!
[2018-11-27 10:21:46,813][54148][locationcache.py][line: 20][INFO] <init_cache> start....
[2018-11-27 10:21:46,815][54148][locationcache.py][line: 28][INFO] <init_cache> end!
[2018-11-27 10:21:46,820][54148][amscache.py][line: 22][INFO] <init_cache> start....
[2018-11-27 10:21:46,822][54148][amscache.py][line: 36][INFO] <init_cache> end!
[2018-11-27 10:21:46,823][54148][orgcache.py][line: 21][INFO] <init_cache> start....
[2018-11-27 10:21:46,828][54148][orgcache.py][line: 27][INFO] <init_cache> end!
[2018-11-27 10:21:46,829][54148][locationcache.py][line: 20][INFO] <init_cache> start....
[2018-11-27 10:21:46,832][54148][locationcache.py][line: 28][INFO] <init_cache> end!
[2018-11-27 10:21:46,837][54148][amscache.py][line: 22][INFO] <init_cache> start....
[2018-11-27 10:21:46,840][54148][amscache.py][line: 36][INFO] <init_cache> end!
[2018-11-27 10:21:46,840][54148][orgcache.py][line: 21][INFO] <init_cache> start....
[2018-11-27 10:21:46,845][54148][orgcache.py][line: 27][INFO] <init_cache> end!
[2018-11-27 10:21:46,846][54148][locationcache.py][line: 20][INFO] <init_cache> start....
[2018-11-27 10:21:46,848][54148][locationcache.py][line: 28][INFO] <init_cache> end!
[2018-11-27 10:21:46,853][54148][amscache.py][line: 22][INFO] <init_cache> start....
[2018-11-27 10:21:46,855][54148][amscache.py][line: 36][INFO] <init_cache> end!
[2018-11-27 10:21:46,855][54148][orgcache.py][line: 21][INFO] <init_cache> start....
[2018-11-27 10:21:46,861][54148][orgcache.py][line: 27][INFO] <init_cache> end!
[2018-11-27 10:21:46,861][54148][locationcache.py][line: 20][INFO] <init_cache> start....
[2018-11-27 10:21:46,864][54148][locationcache.py][line: 28][INFO] <init_cache> end!
[2018-11-27 10:21:46,868][54148][amscache.py][line: 22][INFO] <init_cache> start....
[2018-11-27 10:21:46,871][54148][amscache.py][line: 36][INFO] <init_cache> end!
[2018-11-27 10:21:46,871][54148][orgcache.py][line: 21][INFO] <init_cache> start....
[2018-11-27 10:21:46,877][54148][orgcache.py][line: 27][INFO] <init_cache> end!
[2018-11-27 10:21:46,877][54148][locationcache.py][line: 20][INFO] <init_cache> start....
[2018-11-27 10:21:46,879][54148][locationcache.py][line: 28][INFO] <init_cache> end!
[2018-11-27 10:21:46,884][54148][amscache.py][line: 22][INFO] <init_cache> start....
[2018-11-27 10:21:46,887][54148][amscache.py][line: 36][INFO] <init_cache> end!
[2018-11-27 10:21:46,887][54148][orgcache.py][line: 21][INFO] <init_cache> start....
[2018-11-27 10:21:46,892][54148][orgcache.py][line: 27][INFO] <init_cache> end!
[2018-11-27 10:21:46,892][54148][locationcache.py][line: 20][INFO] <init_cache> start....
[2018-11-27 10:21:46,894][54148][locationcache.py][line: 28][INFO] <init_cache> end!
[2018-11-27 10:21:46,901][54148][amscache.py][line: 22][INFO] <init_cache> start....
[2018-11-27 10:21:46,903][54148][amscache.py][line: 36][INFO] <init_cache> end!
[2018-11-27 10:21:46,903][54148][orgcache.py][line: 21][INFO] <init_cache> start....
[2018-11-27 10:21:46,909][54148][orgcache.py][line: 27][INFO] <init_cache> end!
[2018-11-27 10:21:46,909][54148][locationcache.py][line: 20][INFO] <init_cache> start....
[2018-11-27 10:21:46,912][54148][locationcache.py][line: 28][INFO] <init_cache> end!
[2018-11-27 10:21:46,917][54148][amscache.py][line: 22][INFO] <init_cache> start....
[2018-11-27 10:21:46,919][54148][amscache.py][line: 36][INFO] <init_cache> end!
[2018-11-27 10:21:46,920][54148][orgcache.py][line: 21][INFO] <init_cache> start....
[2018-11-27 10:21:46,925][54148][orgcache.py][line: 27][INFO] <init_cache> end!
[2018-11-27 10:21:46,926][54148][locationcache.py][line: 20][INFO] <init_cache> start....
[2018-11-27 10:21:46,928][54148][locationcache.py][line: 28][INFO] <init_cache> end!
[2018-11-27 10:21:46,933][54148][amscache.py][line: 22][INFO] <init_cache> start....
[2018-11-27 10:21:46,935][54148][amscache.py][line: 36][INFO] <init_cache> end!
[2018-11-27 10:21:46,936][54148][orgcache.py][line: 21][INFO] <init_cache> start....
[2018-11-27 10:21:46,941][54148][orgcache.py][line: 27][INFO] <init_cache> end!
[2018-11-27 10:21:46,941][54148][locationcache.py][line: 20][INFO] <init_cache> start....
[2018-11-27 10:21:46,943][54148][locationcache.py][line: 28][INFO] <init_cache> end!
[2018-11-27 10:21:46,948][54148][amscache.py][line: 22][INFO] <init_cache> start....
[2018-11-27 10:21:46,950][54148][amscache.py][line: 36][INFO] <init_cache> end!
[2018-11-27 10:21:46,951][54148][orgcache.py][line: 21][INFO] <init_cache> start....
[2018-11-27 10:21:46,956][54148][orgcache.py][line: 27][INFO] <init_cache> end!
[2018-11-27 10:21:46,956][54148][locationcache.py][line: 20][INFO] <init_cache> start....
[2018-11-27 10:21:46,958][54148][locationcache.py][line: 28][INFO] <init_cache> end!
[2018-11-27 10:21:46,963][54148][amscache.py][line: 22][INFO] <init_cache> start....
[2018-11-27 10:21:46,966][54148][amscache.py][line: 36][INFO] <init_cache> end!
[2018-11-27 10:21:46,966][54148][orgcache.py][line: 21][INFO] <init_cache> start....
[2018-11-27 10:21:46,972][54148][orgcache.py][line: 27][INFO] <init_cache> end!
[2018-11-27 10:21:46,973][54148][locationcache.py][line: 20][INFO] <init_cache> start....
[2018-11-27 10:21:46,974][54148][locationcache.py][line: 28][INFO] <init_cache> end!
[2018-11-27 10:21:47,006][54148][amscache.py][line: 22][INFO] <init_cache> start....
[2018-11-27 10:21:47,008][54148][amscache.py][line: 36][INFO] <init_cache> end!
[2018-11-27 10:21:47,008][54148][orgcache.py][line: 21][INFO] <init_cache> start....
[2018-11-27 10:21:47,015][54148][orgcache.py][line: 27][INFO] <init_cache> end!
[2018-11-27 10:21:47,015][54148][locationcache.py][line: 20][INFO] <init_cache> start....
[2018-11-27 10:21:47,017][54148][locationcache.py][line: 28][INFO] <init_cache> end!
[2018-11-27 10:21:47,023][54148][amscache.py][line: 22][INFO] <init_cache> start....
[2018-11-27 10:21:47,025][54148][amscache.py][line: 36][INFO] <init_cache> end!
[2018-11-27 10:21:47,026][54148][orgcache.py][line: 21][INFO] <init_cache> start....
[2018-11-27 10:21:47,031][54148][orgcache.py][line: 27][INFO] <init_cache> end!
[2018-11-27 10:21:47,031][54148][locationcache.py][line: 20][INFO] <init_cache> start....
[2018-11-27 10:21:47,033][54148][locationcache.py][line: 28][INFO] <init_cache> end!
[2018-11-27 10:21:47,037][54148][amscache.py][line: 22][INFO] <init_cache> start....
[2018-11-27 10:21:47,041][54148][amscache.py][line: 36][INFO] <init_cache> end!
[2018-11-27 10:21:47,041][54148][orgcache.py][line: 21][INFO] <init_cache> start....
[2018-11-27 10:21:47,046][54148][orgcache.py][line: 27][INFO] <init_cache> end!
[2018-11-27 10:21:47,047][54148][locationcache.py][line: 20][INFO] <init_cache> start....
[2018-11-27 10:21:47,048][54148][locationcache.py][line: 28][INFO] <init_cache> end!
[2018-11-27 10:21:47,053][54148][amscache.py][line: 22][INFO] <init_cache> start....
[2018-11-27 10:21:47,055][54148][amscache.py][line: 36][INFO] <init_cache> end!
[2018-11-27 10:21:47,056][54148][orgcache.py][line: 21][INFO] <init_cache> start....
[2018-11-27 10:21:47,060][54148][orgcache.py][line: 27][INFO] <init_cache> end!
[2018-11-27 10:21:47,061][54148][locationcache.py][line: 20][INFO] <init_cache> start....
[2018-11-27 10:21:47,063][54148][locationcache.py][line: 28][INFO] <init_cache> end!
[2018-11-27 10:21:47,068][54148][amscache.py][line: 22][INFO] <init_cache> start....
[2018-11-27 10:21:47,071][54148][amscache.py][line: 36][INFO] <init_cache> end!
[2018-11-27 10:21:47,071][54148][orgcache.py][line: 21][INFO] <init_cache> start....
[2018-11-27 10:21:47,075][54148][orgcache.py][line: 27][INFO] <init_cache> end!
[2018-11-27 10:21:47,076][54148][locationcache.py][line: 20][INFO] <init_cache> start....
[2018-11-27 10:21:47,077][54148][locationcache.py][line: 28][INFO] <init_cache> end!
[2018-11-27 10:21:47,082][54148][amscache.py][line: 22][INFO] <init_cache> start....
[2018-11-27 10:21:47,085][54148][amscache.py][line: 36][INFO] <init_cache> end!
[2018-11-27 10:21:47,085][54148][orgcache.py][line: 21][INFO] <init_cache> start....
[2018-11-27 10:21:47,091][54148][orgcache.py][line: 27][INFO] <init_cache> end!
[2018-11-27 10:21:47,091][54148][locationcache.py][line: 20][INFO] <init_cache> start....
[2018-11-27 10:21:47,094][54148][locationcache.py][line: 28][INFO] <init_cache> end!
[2018-11-27 10:21:47,099][54148][amscache.py][line: 22][INFO] <init_cache> start....
[2018-11-27 10:21:47,101][54148][amscache.py][line: 36][INFO] <init_cache> end!
[2018-11-27 10:21:47,102][54148][orgcache.py][line: 21][INFO] <init_cache> start....
[2018-11-27 10:21:47,106][54148][orgcache.py][line: 27][INFO] <init_cache> end!
[2018-11-27 10:21:47,107][54148][locationcache.py][line: 20][INFO] <init_cache> start....
[2018-11-27 10:21:47,109][54148][locationcache.py][line: 28][INFO] <init_cache> end!
[2018-11-27 10:21:47,113][54148][amscache.py][line: 22][INFO] <init_cache> start....
[2018-11-27 10:21:47,115][54148][amscache.py][line: 36][INFO] <init_cache> end!
[2018-11-27 10:21:47,116][54148][orgcache.py][line: 21][INFO] <init_cache> start....
[2018-11-27 10:21:47,121][54148][orgcache.py][line: 27][INFO] <init_cache> end!
[2018-11-27 10:21:47,122][54148][locationcache.py][line: 20][INFO] <init_cache> start....
[2018-11-27 10:21:47,123][54148][locationcache.py][line: 28][INFO] <init_cache> end!
[2018-11-27 10:21:47,128][54148][amscache.py][line: 22][INFO] <init_cache> start....
[2018-11-27 10:21:47,131][54148][amscache.py][line: 36][INFO] <init_cache> end!
[2018-11-27 10:21:47,131][54148][orgcache.py][line: 21][INFO] <init_cache> start....
[2018-11-27 10:21:47,136][54148][orgcache.py][line: 27][INFO] <init_cache> end!
[2018-11-27 10:21:47,136][54148][locationcache.py][line: 20][INFO] <init_cache> start....
[2018-11-27 10:21:47,138][54148][locationcache.py][line: 28][INFO] <init_cache> end!
[2018-11-27 10:21:47,145][54148][amscache.py][line: 22][INFO] <init_cache> start....
[2018-11-27 10:21:47,147][54148][amscache.py][line: 36][INFO] <init_cache> end!
[2018-11-27 10:21:47,147][54148][orgcache.py][line: 21][INFO] <init_cache> start....
[2018-11-27 10:21:47,153][54148][orgcache.py][line: 27][INFO] <init_cache> end!
[2018-11-27 10:21:47,154][54148][locationcache.py][line: 20][INFO] <init_cache> start....
[2018-11-27 10:21:47,156][54148][locationcache.py][line: 28][INFO] <init_cache> end!
[2018-11-27 10:21:47,162][54148][amscache.py][line: 22][INFO] <init_cache> start....
[2018-11-27 10:21:47,164][54148][amscache.py][line: 36][INFO] <init_cache> end!
[2018-11-27 10:21:47,165][54148][orgcache.py][line: 21][INFO] <init_cache> start....
[2018-11-27 10:21:47,169][54148][orgcache.py][line: 27][INFO] <init_cache> end!
[2018-11-27 10:21:47,169][54148][locationcache.py][line: 20][INFO] <init_cache> start....
[2018-11-27 10:21:47,171][54148][locationcache.py][line: 28][INFO] <init_cache> end!
[2018-11-27 10:21:47,177][54148][amscache.py][line: 22][INFO] <init_cache> start....
[2018-11-27 10:21:47,179][54148][amscache.py][line: 36][INFO] <init_cache> end!
[2018-11-27 10:21:47,179][54148][orgcache.py][line: 21][INFO] <init_cache> start....
[2018-11-27 10:21:47,185][54148][orgcache.py][line: 27][INFO] <init_cache> end!
[2018-11-27 10:21:47,185][54148][locationcache.py][line: 20][INFO] <init_cache> start....
[2018-11-27 10:21:47,186][54148][locationcache.py][line: 28][INFO] <init_cache> end!
[2018-11-27 10:21:47,192][54148][amscache.py][line: 22][INFO] <init_cache> start....
[2018-11-27 10:21:47,195][54148][amscache.py][line: 36][INFO] <init_cache> end!
[2018-11-27 10:21:47,195][54148][orgcache.py][line: 21][INFO] <init_cache> start....
[2018-11-27 10:21:47,200][54148][orgcache.py][line: 27][INFO] <init_cache> end!
[2018-11-27 10:21:47,200][54148][locationcache.py][line: 20][INFO] <init_cache> start....
[2018-11-27 10:21:47,202][54148][locationcache.py][line: 28][INFO] <init_cache> end!
[2018-11-27 10:21:47,207][54148][amscache.py][line: 22][INFO] <init_cache> start....
[2018-11-27 10:21:47,210][54148][amscache.py][line: 36][INFO] <init_cache> end!
[2018-11-27 10:21:47,210][54148][orgcache.py][line: 21][INFO] <init_cache> start....
[2018-11-27 10:21:47,215][54148][orgcache.py][line: 27][INFO] <init_cache> end!
[2018-11-27 10:21:47,215][54148][locationcache.py][line: 20][INFO] <init_cache> start....
[2018-11-27 10:21:47,217][54148][locationcache.py][line: 28][INFO] <init_cache> end!
[2018-11-27 10:21:47,222][54148][amscache.py][line: 22][INFO] <init_cache> start....
[2018-11-27 10:21:47,224][54148][amscache.py][line: 36][INFO] <init_cache> end!
[2018-11-27 10:21:47,225][54148][orgcache.py][line: 21][INFO] <init_cache> start....
[2018-11-27 10:21:47,230][54148][orgcache.py][line: 27][INFO] <init_cache> end!
[2018-11-27 10:21:47,230][54148][locationcache.py][line: 20][INFO] <init_cache> start....
[2018-11-27 10:21:47,233][54148][locationcache.py][line: 28][INFO] <init_cache> end!
[2018-11-27 10:21:47,237][54148][amscache.py][line: 22][INFO] <init_cache> start....
[2018-11-27 10:21:47,240][54148][amscache.py][line: 36][INFO] <init_cache> end!
[2018-11-27 10:21:47,240][54148][orgcache.py][line: 21][INFO] <init_cache> start....
[2018-11-27 10:21:47,246][54148][orgcache.py][line: 27][INFO] <init_cache> end!
[2018-11-27 10:21:47,247][54148][locationcache.py][line: 20][INFO] <init_cache> start....
[2018-11-27 10:21:47,248][54148][locationcache.py][line: 28][INFO] <init_cache> end!
[2018-11-27 10:21:47,253][54148][amscache.py][line: 22][INFO] <init_cache> start....
[2018-11-27 10:21:47,256][54148][amscache.py][line: 36][INFO] <init_cache> end!
[2018-11-27 10:21:47,256][54148][orgcache.py][line: 21][INFO] <init_cache> start....
[2018-11-27 10:21:47,261][54148][orgcache.py][line: 27][INFO] <init_cache> end!
[2018-11-27 10:21:47,261][54148][locationcache.py][line: 20][INFO] <init_cache> start....
[2018-11-27 10:21:47,263][54148][locationcache.py][line: 28][INFO] <init_cache> end!
[2018-11-27 10:21:47,268][54148][amscache.py][line: 22][INFO] <init_cache> start....
[2018-11-27 10:21:47,270][54148][amscache.py][line: 36][INFO] <init_cache> end!
[2018-11-27 10:21:47,271][54148][orgcache.py][line: 21][INFO] <init_cache> start....
[2018-11-27 10:21:47,277][54148][orgcache.py][line: 27][INFO] <init_cache> end!
[2018-11-27 10:21:47,277][54148][locationcache.py][line: 20][INFO] <init_cache> start....
[2018-11-27 10:21:47,279][54148][locationcache.py][line: 28][INFO] <init_cache> end!
[2018-11-27 10:21:47,284][54148][amscache.py][line: 22][INFO] <init_cache> start....
[2018-11-27 10:21:47,287][54148][amscache.py][line: 36][INFO] <init_cache> end!
[2018-11-27 10:21:47,287][54148][orgcache.py][line: 21][INFO] <init_cache> start....
[2018-11-27 10:21:47,292][54148][orgcache.py][line: 27][INFO] <init_cache> end!
[2018-11-27 10:21:47,292][54148][locationcache.py][line: 20][INFO] <init_cache> start....
[2018-11-27 10:21:47,294][54148][locationcache.py][line: 28][INFO] <init_cache> end!
[2018-11-27 10:21:47,299][54148][amscache.py][line: 22][INFO] <init_cache> start....
[2018-11-27 10:21:47,301][54148][amscache.py][line: 36][INFO] <init_cache> end!
[2018-11-27 10:21:47,302][54148][orgcache.py][line: 21][INFO] <init_cache> start....
[2018-11-27 10:21:47,306][54148][orgcache.py][line: 27][INFO] <init_cache> end!
[2018-11-27 10:21:47,307][54148][locationcache.py][line: 20][INFO] <init_cache> start....
[2018-11-27 10:21:47,308][54148][locationcache.py][line: 28][INFO] <init_cache> end!
[2018-11-27 10:21:47,313][54148][amscache.py][line: 22][INFO] <init_cache> start....
[2018-11-27 10:21:47,316][54148][amscache.py][line: 36][INFO] <init_cache> end!
[2018-11-27 10:21:47,316][54148][orgcache.py][line: 21][INFO] <init_cache> start....
[2018-11-27 10:21:47,320][54148][orgcache.py][line: 27][INFO] <init_cache> end!
[2018-11-27 10:21:47,321][54148][locationcache.py][line: 20][INFO] <init_cache> start....
[2018-11-27 10:21:47,323][54148][locationcache.py][line: 28][INFO] <init_cache> end!
[2018-11-27 10:21:47,327][54148][amscache.py][line: 22][INFO] <init_cache> start....
[2018-11-27 10:21:47,330][54148][amscache.py][line: 36][INFO] <init_cache> end!
[2018-11-27 10:21:47,330][54148][orgcache.py][line: 21][INFO] <init_cache> start....
[2018-11-27 10:21:47,335][54148][orgcache.py][line: 27][INFO] <init_cache> end!
[2018-11-27 10:21:47,335][54148][locationcache.py][line: 20][INFO] <init_cache> start....
[2018-11-27 10:21:47,337][54148][locationcache.py][line: 28][INFO] <init_cache> end!
[2018-11-27 10:21:47,342][54148][amscache.py][line: 22][INFO] <init_cache> start....
[2018-11-27 10:21:47,345][54148][amscache.py][line: 36][INFO] <init_cache> end!
[2018-11-27 10:21:47,345][54148][orgcache.py][line: 21][INFO] <init_cache> start....
[2018-11-27 10:21:47,351][54148][orgcache.py][line: 27][INFO] <init_cache> end!
[2018-11-27 10:21:47,351][54148][locationcache.py][line: 20][INFO] <init_cache> start....
[2018-11-27 10:21:47,353][54148][locationcache.py][line: 28][INFO] <init_cache> end!
[2018-11-27 10:21:47,358][54148][amscache.py][line: 22][INFO] <init_cache> start....
[2018-11-27 10:21:47,360][54148][amscache.py][line: 36][INFO] <init_cache> end!
[2018-11-27 10:21:47,361][54148][orgcache.py][line: 21][INFO] <init_cache> start....
[2018-11-27 10:21:47,367][54148][orgcache.py][line: 27][INFO] <init_cache> end!
[2018-11-27 10:21:47,367][54148][locationcache.py][line: 20][INFO] <init_cache> start....
[2018-11-27 10:21:47,369][54148][locationcache.py][line: 28][INFO] <init_cache> end!
[2018-11-27 10:21:47,374][54148][amscache.py][line: 22][INFO] <init_cache> start....
[2018-11-27 10:21:47,377][54148][amscache.py][line: 36][INFO] <init_cache> end!
[2018-11-27 10:21:47,377][54148][orgcache.py][line: 21][INFO] <init_cache> start....
[2018-11-27 10:21:47,383][54148][orgcache.py][line: 27][INFO] <init_cache> end!
[2018-11-27 10:21:47,383][54148][locationcache.py][line: 20][INFO] <init_cache> start....
[2018-11-27 10:21:47,385][54148][locationcache.py][line: 28][INFO] <init_cache> end!
[2018-11-27 10:21:47,389][54148][amscache.py][line: 22][INFO] <init_cache> start....
[2018-11-27 10:21:47,391][54148][amscache.py][line: 36][INFO] <init_cache> end!
[2018-11-27 10:21:47,392][54148][orgcache.py][line: 21][INFO] <init_cache> start....
[2018-11-27 10:21:47,397][54148][orgcache.py][line: 27][INFO] <init_cache> end!
[2018-11-27 10:21:47,397][54148][locationcache.py][line: 20][INFO] <init_cache> start....
[2018-11-27 10:21:47,400][54148][locationcache.py][line: 28][INFO] <init_cache> end!
[2018-11-27 10:21:47,404][54148][amscache.py][line: 22][INFO] <init_cache> start....
[2018-11-27 10:21:47,407][54148][amscache.py][line: 36][INFO] <init_cache> end!
[2018-11-27 10:21:47,407][54148][orgcache.py][line: 21][INFO] <init_cache> start....
[2018-11-27 10:21:47,412][54148][orgcache.py][line: 27][INFO] <init_cache> end!
[2018-11-27 10:21:47,413][54148][locationcache.py][line: 20][INFO] <init_cache> start....
[2018-11-27 10:21:47,415][54148][locationcache.py][line: 28][INFO] <init_cache> end!
[2018-11-27 10:21:47,419][54148][amscache.py][line: 22][INFO] <init_cache> start....
[2018-11-27 10:21:47,422][54148][amscache.py][line: 36][INFO] <init_cache> end!
[2018-11-27 10:21:47,422][54148][orgcache.py][line: 21][INFO] <init_cache> start....
[2018-11-27 10:21:47,427][54148][orgcache.py][line: 27][INFO] <init_cache> end!
[2018-11-27 10:21:47,427][54148][locationcache.py][line: 20][INFO] <init_cache> start....
[2018-11-27 10:21:47,429][54148][locationcache.py][line: 28][INFO] <init_cache> end!
[2018-11-27 10:21:47,434][54148][amscache.py][line: 22][INFO] <init_cache> start....
[2018-11-27 10:21:47,436][54148][amscache.py][line: 36][INFO] <init_cache> end!
[2018-11-27 10:21:47,436][54148][orgcache.py][line: 21][INFO] <init_cache> start....
[2018-11-27 10:21:47,442][54148][orgcache.py][line: 27][INFO] <init_cache> end!
[2018-11-27 10:21:47,442][54148][locationcache.py][line: 20][INFO] <init_cache> start....
[2018-11-27 10:21:47,444][54148][locationcache.py][line: 28][INFO] <init_cache> end!
[2018-11-27 10:21:47,449][54148][amscache.py][line: 22][INFO] <init_cache> start....
[2018-11-27 10:21:47,452][54148][amscache.py][line: 36][INFO] <init_cache> end!
[2018-11-27 10:21:47,452][54148][orgcache.py][line: 21][INFO] <init_cache> start....
[2018-11-27 10:21:47,458][54148][orgcache.py][line: 27][INFO] <init_cache> end!
[2018-11-27 10:21:47,459][54148][locationcache.py][line: 20][INFO] <init_cache> start....
[2018-11-27 10:21:47,461][54148][locationcache.py][line: 28][INFO] <init_cache> end!
[2018-11-27 10:21:47,466][54148][amscache.py][line: 22][INFO] <init_cache> start....
[2018-11-27 10:21:47,468][54148][amscache.py][line: 36][INFO] <init_cache> end!
[2018-11-27 10:21:47,468][54148][orgcache.py][line: 21][INFO] <init_cache> start....
[2018-11-27 10:21:47,473][54148][orgcache.py][line: 27][INFO] <init_cache> end!
[2018-11-27 10:21:47,474][54148][locationcache.py][line: 20][INFO] <init_cache> start....
[2018-11-27 10:21:47,475][54148][locationcache.py][line: 28][INFO] <init_cache> end!
[2018-11-27 10:21:47,480][54148][amscache.py][line: 22][INFO] <init_cache> start....
[2018-11-27 10:21:47,483][54148][amscache.py][line: 36][INFO] <init_cache> end!
[2018-11-27 10:21:47,483][54148][orgcache.py][line: 21][INFO] <init_cache> start....
[2018-11-27 10:21:47,488][54148][orgcache.py][line: 27][INFO] <init_cache> end!
[2018-11-27 10:21:47,488][54148][locationcache.py][line: 20][INFO] <init_cache> start....
[2018-11-27 10:21:47,490][54148][locationcache.py][line: 28][INFO] <init_cache> end!
[2018-11-27 10:21:47,495][54148][amscache.py][line: 22][INFO] <init_cache> start....
[2018-11-27 10:21:47,497][54148][amscache.py][line: 36][INFO] <init_cache> end!
[2018-11-27 10:21:47,498][54148][orgcache.py][line: 21][INFO] <init_cache> start....
[2018-11-27 10:21:47,502][54148][orgcache.py][line: 27][INFO] <init_cache> end!
[2018-11-27 10:21:47,502][54148][locationcache.py][line: 20][INFO] <init_cache> start....
[2018-11-27 10:21:47,504][54148][locationcache.py][line: 28][INFO] <init_cache> end!
[2018-11-27 10:59:55,539][62028][amscache.py][line: 22][INFO] <init_cache> start....
[2018-11-27 10:59:55,699][62028][amscache.py][line: 36][INFO] <init_cache> end!
[2018-11-27 10:59:55,699][62028][orgcache.py][line: 21][INFO] <init_cache> start....
[2018-11-27 10:59:55,744][62028][orgcache.py][line: 27][INFO] <init_cache> end!
[2018-11-27 10:59:55,744][62028][locationcache.py][line: 20][INFO] <init_cache> start....
[2018-11-27 10:59:55,747][62028][locationcache.py][line: 28][INFO] <init_cache> end!
[2018-11-27 13:24:36,806][61216][amscache.py][line: 22][INFO] <init_cache> start....
[2018-11-27 13:24:36,851][61216][amscache.py][line: 36][INFO] <init_cache> end!
[2018-11-27 13:24:36,852][61216][orgcache.py][line: 21][INFO] <init_cache> start....
[2018-11-27 13:24:36,894][61216][orgcache.py][line: 27][INFO] <init_cache> end!
[2018-11-27 13:24:36,895][61216][locationcache.py][line: 20][INFO] <init_cache> start....
[2018-11-27 13:24:36,897][61216][locationcache.py][line: 28][INFO] <init_cache> end!
[2018-11-27 13:29:03,028][71500][amscache.py][line: 22][INFO] <init_cache> start....
[2018-11-27 13:29:03,069][71500][amscache.py][line: 36][INFO] <init_cache> end!
[2018-11-27 13:29:03,069][71500][orgcache.py][line: 21][INFO] <init_cache> start....
[2018-11-27 13:29:03,110][71500][orgcache.py][line: 27][INFO] <init_cache> end!
[2018-11-27 13:29:03,110][71500][locationcache.py][line: 20][INFO] <init_cache> start....
[2018-11-27 13:29:03,113][71500][locationcache.py][line: 28][INFO] <init_cache> end!
[2018-11-27 13:31:26,425][71500][amscache.py][line: 22][INFO] <init_cache> start....
[2018-11-27 13:31:26,477][71500][amscache.py][line: 36][INFO] <init_cache> end!
[2018-11-27 13:31:26,477][71500][orgcache.py][line: 21][INFO] <init_cache> start....
[2018-11-27 13:31:26,526][71500][orgcache.py][line: 27][INFO] <init_cache> end!
[2018-11-27 13:31:26,526][71500][locationcache.py][line: 20][INFO] <init_cache> start....
[2018-11-27 13:31:26,533][71500][locationcache.py][line: 28][INFO] <init_cache> end!
[2018-11-27 13:31:26,540][71500][amscache.py][line: 22][INFO] <init_cache> start....
[2018-11-27 13:31:26,584][71500][amscache.py][line: 36][INFO] <init_cache> end!
[2018-11-27 13:31:26,584][71500][orgcache.py][line: 21][INFO] <init_cache> start....
[2018-11-27 13:31:26,633][71500][orgcache.py][line: 27][INFO] <init_cache> end!
[2018-11-27 13:31:26,633][71500][locationcache.py][line: 20][INFO] <init_cache> start....
[2018-11-27 13:31:26,640][71500][locationcache.py][line: 28][INFO] <init_cache> end!
[2018-11-27 13:31:26,647][71500][amscache.py][line: 22][INFO] <init_cache> start....
[2018-11-27 13:31:26,697][71500][amscache.py][line: 36][INFO] <init_cache> end!
[2018-11-27 13:31:26,697][71500][orgcache.py][line: 21][INFO] <init_cache> start....
[2018-11-27 13:31:26,748][71500][orgcache.py][line: 27][INFO] <init_cache> end!
[2018-11-27 13:31:26,748][71500][locationcache.py][line: 20][INFO] <init_cache> start....
[2018-11-27 13:31:26,755][71500][locationcache.py][line: 28][INFO] <init_cache> end!
[2018-11-27 13:31:26,769][71500][amscache.py][line: 22][INFO] <init_cache> start....
[2018-11-27 13:31:26,815][71500][amscache.py][line: 36][INFO] <init_cache> end!
[2018-11-27 13:31:26,815][71500][orgcache.py][line: 21][INFO] <init_cache> start....
[2018-11-27 13:31:26,864][71500][orgcache.py][line: 27][INFO] <init_cache> end!
[2018-11-27 13:31:26,864][71500][locationcache.py][line: 20][INFO] <init_cache> start....
[2018-11-27 13:31:26,871][71500][locationcache.py][line: 28][INFO] <init_cache> end!
[2018-11-27 13:31:26,877][71500][amscache.py][line: 22][INFO] <init_cache> start....
[2018-11-27 13:31:26,923][71500][amscache.py][line: 36][INFO] <init_cache> end!
[2018-11-27 13:31:26,923][71500][orgcache.py][line: 21][INFO] <init_cache> start....
[2018-11-27 13:31:26,972][71500][orgcache.py][line: 27][INFO] <init_cache> end!
[2018-11-27 13:31:26,972][71500][locationcache.py][line: 20][INFO] <init_cache> start....
[2018-11-27 13:31:26,979][71500][locationcache.py][line: 28][INFO] <init_cache> end!
[2018-11-27 13:31:26,989][71500][amscache.py][line: 22][INFO] <init_cache> start....
[2018-11-27 13:31:26,992][71500][amscache.py][line: 36][INFO] <init_cache> end!
[2018-11-27 13:31:26,992][71500][orgcache.py][line: 21][INFO] <init_cache> start....
[2018-11-27 13:31:27,000][71500][orgcache.py][line: 27][INFO] <init_cache> end!
[2018-11-27 13:31:27,000][71500][locationcache.py][line: 20][INFO] <init_cache> start....
[2018-11-27 13:31:27,005][71500][locationcache.py][line: 28][INFO] <init_cache> end!
[2018-11-27 13:31:27,014][71500][amscache.py][line: 22][INFO] <init_cache> start....
[2018-11-27 13:31:27,017][71500][amscache.py][line: 36][INFO] <init_cache> end!
[2018-11-27 13:31:27,017][71500][orgcache.py][line: 21][INFO] <init_cache> start....
[2018-11-27 13:31:27,029][71500][orgcache.py][line: 27][INFO] <init_cache> end!
[2018-11-27 13:31:27,030][71500][locationcache.py][line: 20][INFO] <init_cache> start....
[2018-11-27 13:31:27,032][71500][locationcache.py][line: 28][INFO] <init_cache> end!
[2018-11-27 13:31:27,044][71500][amscache.py][line: 22][INFO] <init_cache> start....
[2018-11-27 13:31:27,047][71500][amscache.py][line: 36][INFO] <init_cache> end!
[2018-11-27 13:31:27,048][71500][orgcache.py][line: 21][INFO] <init_cache> start....
[2018-11-27 13:31:27,055][71500][orgcache.py][line: 27][INFO] <init_cache> end!
[2018-11-27 13:31:27,056][71500][locationcache.py][line: 20][INFO] <init_cache> start....
[2018-11-27 13:31:27,059][71500][locationcache.py][line: 28][INFO] <init_cache> end!
[2018-11-27 13:31:27,070][71500][amscache.py][line: 22][INFO] <init_cache> start....
[2018-11-27 13:31:27,073][71500][amscache.py][line: 36][INFO] <init_cache> end!
[2018-11-27 13:31:27,075][71500][orgcache.py][line: 21][INFO] <init_cache> start....
[2018-11-27 13:31:27,084][71500][orgcache.py][line: 27][INFO] <init_cache> end!
[2018-11-27 13:31:27,087][71500][locationcache.py][line: 20][INFO] <init_cache> start....
[2018-11-27 13:31:27,090][71500][locationcache.py][line: 28][INFO] <init_cache> end!
[2018-11-27 13:31:27,101][71500][amscache.py][line: 22][INFO] <init_cache> start....
[2018-11-27 13:31:27,103][71500][amscache.py][line: 36][INFO] <init_cache> end!
[2018-11-27 13:31:27,104][71500][orgcache.py][line: 21][INFO] <init_cache> start....
[2018-11-27 13:31:27,113][71500][orgcache.py][line: 27][INFO] <init_cache> end!
[2018-11-27 13:31:27,113][71500][locationcache.py][line: 20][INFO] <init_cache> start....
[2018-11-27 13:31:27,117][71500][locationcache.py][line: 28][INFO] <init_cache> end!
[2018-11-27 13:31:27,126][71500][amscache.py][line: 22][INFO] <init_cache> start....
[2018-11-27 13:31:27,130][71500][amscache.py][line: 36][INFO] <init_cache> end!
[2018-11-27 13:31:27,130][71500][orgcache.py][line: 21][INFO] <init_cache> start....
[2018-11-27 13:31:27,137][71500][orgcache.py][line: 27][INFO] <init_cache> end!
[2018-11-27 13:31:27,137][71500][locationcache.py][line: 20][INFO] <init_cache> start....
[2018-11-27 13:31:27,140][71500][locationcache.py][line: 28][INFO] <init_cache> end!
[2018-11-27 13:31:27,150][71500][amscache.py][line: 22][INFO] <init_cache> start....
[2018-11-27 13:31:27,153][71500][amscache.py][line: 36][INFO] <init_cache> end!
[2018-11-27 13:31:27,153][71500][orgcache.py][line: 21][INFO] <init_cache> start....
[2018-11-27 13:31:27,162][71500][orgcache.py][line: 27][INFO] <init_cache> end!
[2018-11-27 13:31:27,162][71500][locationcache.py][line: 20][INFO] <init_cache> start....
[2018-11-27 13:31:27,165][71500][locationcache.py][line: 28][INFO] <init_cache> end!
[2018-11-27 13:31:27,174][71500][amscache.py][line: 22][INFO] <init_cache> start....
[2018-11-27 13:31:27,177][71500][amscache.py][line: 36][INFO] <init_cache> end!
[2018-11-27 13:31:27,177][71500][orgcache.py][line: 21][INFO] <init_cache> start....
[2018-11-27 13:31:27,198][71500][orgcache.py][line: 27][INFO] <init_cache> end!
[2018-11-27 13:31:27,198][71500][locationcache.py][line: 20][INFO] <init_cache> start....
[2018-11-27 13:31:27,201][71500][locationcache.py][line: 28][INFO] <init_cache> end!
[2018-11-27 13:31:27,210][71500][amscache.py][line: 22][INFO] <init_cache> start....
[2018-11-27 13:31:27,218][71500][amscache.py][line: 36][INFO] <init_cache> end!
[2018-11-27 13:31:27,218][71500][orgcache.py][line: 21][INFO] <init_cache> start....
[2018-11-27 13:31:27,223][71500][orgcache.py][line: 27][INFO] <init_cache> end!
[2018-11-27 13:31:27,226][71500][locationcache.py][line: 20][INFO] <init_cache> start....
[2018-11-27 13:31:27,231][71500][locationcache.py][line: 28][INFO] <init_cache> end!
[2018-11-27 13:31:27,248][71500][amscache.py][line: 22][INFO] <init_cache> start....
[2018-11-27 13:31:27,257][71500][amscache.py][line: 36][INFO] <init_cache> end!
[2018-11-27 13:31:27,257][71500][orgcache.py][line: 21][INFO] <init_cache> start....
[2018-11-27 13:31:27,268][71500][orgcache.py][line: 27][INFO] <init_cache> end!
[2018-11-27 13:31:27,268][71500][locationcache.py][line: 20][INFO] <init_cache> start....
[2018-11-27 13:31:27,272][71500][locationcache.py][line: 28][INFO] <init_cache> end!
[2018-11-27 13:31:27,285][71500][amscache.py][line: 22][INFO] <init_cache> start....
[2018-11-27 13:31:27,287][71500][amscache.py][line: 36][INFO] <init_cache> end!
[2018-11-27 13:31:27,287][71500][orgcache.py][line: 21][INFO] <init_cache> start....
[2018-11-27 13:31:27,298][71500][orgcache.py][line: 27][INFO] <init_cache> end!
[2018-11-27 13:31:27,298][71500][locationcache.py][line: 20][INFO] <init_cache> start....
[2018-11-27 13:31:27,301][71500][locationcache.py][line: 28][INFO] <init_cache> end!
[2018-11-27 13:31:27,308][71500][amscache.py][line: 22][INFO] <init_cache> start....
[2018-11-27 13:31:27,313][71500][amscache.py][line: 36][INFO] <init_cache> end!
[2018-11-27 13:31:27,316][71500][orgcache.py][line: 21][INFO] <init_cache> start....
[2018-11-27 13:31:27,322][71500][orgcache.py][line: 27][INFO] <init_cache> end!
[2018-11-27 13:31:27,322][71500][locationcache.py][line: 20][INFO] <init_cache> start....
[2018-11-27 13:31:27,325][71500][locationcache.py][line: 28][INFO] <init_cache> end!
[2018-11-27 13:31:27,335][71500][amscache.py][line: 22][INFO] <init_cache> start....
[2018-11-27 13:31:27,338][71500][amscache.py][line: 36][INFO] <init_cache> end!
[2018-11-27 13:31:27,341][71500][orgcache.py][line: 21][INFO] <init_cache> start....
[2018-11-27 13:31:27,350][71500][orgcache.py][line: 27][INFO] <init_cache> end!
[2018-11-27 13:31:27,352][71500][locationcache.py][line: 20][INFO] <init_cache> start....
[2018-11-27 13:31:27,355][71500][locationcache.py][line: 28][INFO] <init_cache> end!
[2018-11-27 13:31:27,362][71500][amscache.py][line: 22][INFO] <init_cache> start....
[2018-11-27 13:31:27,367][71500][amscache.py][line: 36][INFO] <init_cache> end!
[2018-11-27 13:31:27,367][71500][orgcache.py][line: 21][INFO] <init_cache> start....
[2018-11-27 13:31:27,376][71500][orgcache.py][line: 27][INFO] <init_cache> end!
[2018-11-27 13:31:27,377][71500][locationcache.py][line: 20][INFO] <init_cache> start....
[2018-11-27 13:31:27,383][71500][locationcache.py][line: 28][INFO] <init_cache> end!
[2018-11-27 13:31:27,420][71500][amscache.py][line: 22][INFO] <init_cache> start....
[2018-11-27 13:31:27,424][71500][amscache.py][line: 36][INFO] <init_cache> end!
[2018-11-27 13:31:27,425][71500][orgcache.py][line: 21][INFO] <init_cache> start....
[2018-11-27 13:31:27,438][71500][orgcache.py][line: 27][INFO] <init_cache> end!
[2018-11-27 13:31:27,438][71500][locationcache.py][line: 20][INFO] <init_cache> start....
[2018-11-27 13:31:27,442][71500][locationcache.py][line: 28][INFO] <init_cache> end!
[2018-11-27 13:31:27,451][71500][amscache.py][line: 22][INFO] <init_cache> start....
[2018-11-27 13:31:27,454][71500][amscache.py][line: 36][INFO] <init_cache> end!
[2018-11-27 13:31:27,454][71500][orgcache.py][line: 21][INFO] <init_cache> start....
[2018-11-27 13:31:27,466][71500][orgcache.py][line: 27][INFO] <init_cache> end!
[2018-11-27 13:31:27,467][71500][locationcache.py][line: 20][INFO] <init_cache> start....
[2018-11-27 13:31:27,469][71500][locationcache.py][line: 28][INFO] <init_cache> end!
[2018-11-27 13:31:27,480][71500][amscache.py][line: 22][INFO] <init_cache> start....
[2018-11-27 13:31:27,485][71500][amscache.py][line: 36][INFO] <init_cache> end!
[2018-11-27 13:31:27,485][71500][orgcache.py][line: 21][INFO] <init_cache> start....
[2018-11-27 13:31:27,509][71500][orgcache.py][line: 27][INFO] <init_cache> end!
[2018-11-27 13:31:27,510][71500][locationcache.py][line: 20][INFO] <init_cache> start....
[2018-11-27 13:31:27,513][71500][locationcache.py][line: 28][INFO] <init_cache> end!
[2018-11-27 13:31:27,521][71500][amscache.py][line: 22][INFO] <init_cache> start....
[2018-11-27 13:31:27,523][71500][amscache.py][line: 36][INFO] <init_cache> end!
[2018-11-27 13:31:27,523][71500][orgcache.py][line: 21][INFO] <init_cache> start....
[2018-11-27 13:31:27,534][71500][orgcache.py][line: 27][INFO] <init_cache> end!
[2018-11-27 13:31:27,535][71500][locationcache.py][line: 20][INFO] <init_cache> start....
[2018-11-27 13:31:27,539][71500][locationcache.py][line: 28][INFO] <init_cache> end!
[2018-11-27 13:31:27,550][71500][amscache.py][line: 22][INFO] <init_cache> start....
[2018-11-27 13:31:27,553][71500][amscache.py][line: 36][INFO] <init_cache> end!
[2018-11-27 13:31:27,553][71500][orgcache.py][line: 21][INFO] <init_cache> start....
[2018-11-27 13:31:27,564][71500][orgcache.py][line: 27][INFO] <init_cache> end!
[2018-11-27 13:31:27,565][71500][locationcache.py][line: 20][INFO] <init_cache> start....
[2018-11-27 13:31:27,568][71500][locationcache.py][line: 28][INFO] <init_cache> end!
[2018-11-27 13:31:27,576][71500][amscache.py][line: 22][INFO] <init_cache> start....
[2018-11-27 13:31:27,582][71500][amscache.py][line: 36][INFO] <init_cache> end!
[2018-11-27 13:31:27,584][71500][orgcache.py][line: 21][INFO] <init_cache> start....
[2018-11-27 13:31:27,593][71500][orgcache.py][line: 27][INFO] <init_cache> end!
[2018-11-27 13:31:27,598][71500][locationcache.py][line: 20][INFO] <init_cache> start....
[2018-11-27 13:31:27,601][71500][locationcache.py][line: 28][INFO] <init_cache> end!
[2018-11-27 13:31:27,606][71500][amscache.py][line: 22][INFO] <init_cache> start....
[2018-11-27 13:31:27,615][71500][amscache.py][line: 36][INFO] <init_cache> end!
[2018-11-27 13:31:27,616][71500][orgcache.py][line: 21][INFO] <init_cache> start....
[2018-11-27 13:31:27,623][71500][orgcache.py][line: 27][INFO] <init_cache> end!
[2018-11-27 13:31:27,623][71500][locationcache.py][line: 20][INFO] <init_cache> start....
[2018-11-27 13:31:27,626][71500][locationcache.py][line: 28][INFO] <init_cache> end!
[2018-11-27 13:31:27,636][71500][amscache.py][line: 22][INFO] <init_cache> start....
[2018-11-27 13:31:27,639][71500][amscache.py][line: 36][INFO] <init_cache> end!
[2018-11-27 13:31:27,640][71500][orgcache.py][line: 21][INFO] <init_cache> start....
[2018-11-27 13:31:27,648][71500][orgcache.py][line: 27][INFO] <init_cache> end!
[2018-11-27 13:31:27,649][71500][locationcache.py][line: 20][INFO] <init_cache> start....
[2018-11-27 13:31:27,652][71500][locationcache.py][line: 28][INFO] <init_cache> end!
[2018-11-27 13:31:27,663][71500][amscache.py][line: 22][INFO] <init_cache> start....
[2018-11-27 13:31:27,666][71500][amscache.py][line: 36][INFO] <init_cache> end!
[2018-11-27 13:31:27,666][71500][orgcache.py][line: 21][INFO] <init_cache> start....
[2018-11-27 13:31:27,674][71500][orgcache.py][line: 27][INFO] <init_cache> end!
[2018-11-27 13:31:27,675][71500][locationcache.py][line: 20][INFO] <init_cache> start....
[2018-11-27 13:31:27,679][71500][locationcache.py][line: 28][INFO] <init_cache> end!
[2018-11-27 13:31:27,688][71500][amscache.py][line: 22][INFO] <init_cache> start....
[2018-11-27 13:31:27,690][71500][amscache.py][line: 36][INFO] <init_cache> end!
[2018-11-27 13:31:27,696][71500][orgcache.py][line: 21][INFO] <init_cache> start....
[2018-11-27 13:31:27,702][71500][orgcache.py][line: 27][INFO] <init_cache> end!
[2018-11-27 13:31:27,703][71500][locationcache.py][line: 20][INFO] <init_cache> start....
[2018-11-27 13:31:27,705][71500][locationcache.py][line: 28][INFO] <init_cache> end!
[2018-11-27 13:31:27,714][71500][amscache.py][line: 22][INFO] <init_cache> start....
[2018-11-27 13:31:27,718][71500][amscache.py][line: 36][INFO] <init_cache> end!
[2018-11-27 13:31:27,720][71500][orgcache.py][line: 21][INFO] <init_cache> start....
[2018-11-27 13:31:27,731][71500][orgcache.py][line: 27][INFO] <init_cache> end!
[2018-11-27 13:31:27,732][71500][locationcache.py][line: 20][INFO] <init_cache> start....
[2018-11-27 13:31:27,737][71500][locationcache.py][line: 28][INFO] <init_cache> end!
[2018-11-27 13:31:27,746][71500][amscache.py][line: 22][INFO] <init_cache> start....
[2018-11-27 13:31:27,751][71500][amscache.py][line: 36][INFO] <init_cache> end!
[2018-11-27 13:31:27,751][71500][orgcache.py][line: 21][INFO] <init_cache> start....
[2018-11-27 13:31:27,762][71500][orgcache.py][line: 27][INFO] <init_cache> end!
[2018-11-27 13:31:27,762][71500][locationcache.py][line: 20][INFO] <init_cache> start....
[2018-11-27 13:31:27,766][71500][locationcache.py][line: 28][INFO] <init_cache> end!
[2018-11-27 13:31:27,774][71500][amscache.py][line: 22][INFO] <init_cache> start....
[2018-11-27 13:31:27,778][71500][amscache.py][line: 36][INFO] <init_cache> end!
[2018-11-27 13:31:27,779][71500][orgcache.py][line: 21][INFO] <init_cache> start....
[2018-11-27 13:31:27,788][71500][orgcache.py][line: 27][INFO] <init_cache> end!
[2018-11-27 13:31:27,788][71500][locationcache.py][line: 20][INFO] <init_cache> start....
[2018-11-27 13:31:27,791][71500][locationcache.py][line: 28][INFO] <init_cache> end!
[2018-11-27 13:31:27,801][71500][amscache.py][line: 22][INFO] <init_cache> start....
[2018-11-27 13:31:27,804][71500][amscache.py][line: 36][INFO] <init_cache> end!
[2018-11-27 13:31:27,805][71500][orgcache.py][line: 21][INFO] <init_cache> start....
[2018-11-27 13:31:27,813][71500][orgcache.py][line: 27][INFO] <init_cache> end!
[2018-11-27 13:31:27,814][71500][locationcache.py][line: 20][INFO] <init_cache> start....
[2018-11-27 13:31:27,820][71500][locationcache.py][line: 28][INFO] <init_cache> end!
[2018-11-27 13:31:27,828][71500][amscache.py][line: 22][INFO] <init_cache> start....
[2018-11-27 13:31:27,834][71500][amscache.py][line: 36][INFO] <init_cache> end!
[2018-11-27 13:31:27,835][71500][orgcache.py][line: 21][INFO] <init_cache> start....
[2018-11-27 13:31:27,846][71500][orgcache.py][line: 27][INFO] <init_cache> end!
[2018-11-27 13:31:27,847][71500][locationcache.py][line: 20][INFO] <init_cache> start....
[2018-11-27 13:31:27,851][71500][locationcache.py][line: 28][INFO] <init_cache> end!
[2018-11-27 13:31:27,866][71500][amscache.py][line: 22][INFO] <init_cache> start....
[2018-11-27 13:31:27,870][71500][amscache.py][line: 36][INFO] <init_cache> end!
[2018-11-27 13:31:27,870][71500][orgcache.py][line: 21][INFO] <init_cache> start....
[2018-11-27 13:31:27,882][71500][orgcache.py][line: 27][INFO] <init_cache> end!
[2018-11-27 13:31:27,883][71500][locationcache.py][line: 20][INFO] <init_cache> start....
[2018-11-27 13:31:27,887][71500][locationcache.py][line: 28][INFO] <init_cache> end!
[2018-11-27 13:31:27,899][71500][amscache.py][line: 22][INFO] <init_cache> start....
[2018-11-27 13:31:27,903][71500][amscache.py][line: 36][INFO] <init_cache> end!
[2018-11-27 13:31:27,903][71500][orgcache.py][line: 21][INFO] <init_cache> start....
[2018-11-27 13:31:27,914][71500][orgcache.py][line: 27][INFO] <init_cache> end!
[2018-11-27 13:31:27,914][71500][locationcache.py][line: 20][INFO] <init_cache> start....
[2018-11-27 13:31:27,916][71500][locationcache.py][line: 28][INFO] <init_cache> end!
[2018-11-27 13:31:27,924][71500][amscache.py][line: 22][INFO] <init_cache> start....
[2018-11-27 13:31:27,927][71500][amscache.py][line: 36][INFO] <init_cache> end!
[2018-11-27 13:31:27,928][71500][orgcache.py][line: 21][INFO] <init_cache> start....
[2018-11-27 13:31:27,940][71500][orgcache.py][line: 27][INFO] <init_cache> end!
[2018-11-27 13:31:27,940][71500][locationcache.py][line: 20][INFO] <init_cache> start....
[2018-11-27 13:31:27,943][71500][locationcache.py][line: 28][INFO] <init_cache> end!
[2018-11-27 13:31:27,952][71500][amscache.py][line: 22][INFO] <init_cache> start....
[2018-11-27 13:31:27,955][71500][amscache.py][line: 36][INFO] <init_cache> end!
[2018-11-27 13:31:27,958][71500][orgcache.py][line: 21][INFO] <init_cache> start....
[2018-11-27 13:31:27,966][71500][orgcache.py][line: 27][INFO] <init_cache> end!
[2018-11-27 13:31:27,966][71500][locationcache.py][line: 20][INFO] <init_cache> start....
[2018-11-27 13:31:27,972][71500][locationcache.py][line: 28][INFO] <init_cache> end!
[2018-11-27 13:31:27,979][71500][amscache.py][line: 22][INFO] <init_cache> start....
[2018-11-27 13:31:27,984][71500][amscache.py][line: 36][INFO] <init_cache> end!
[2018-11-27 13:31:27,985][71500][orgcache.py][line: 21][INFO] <init_cache> start....
[2018-11-27 13:31:27,990][71500][orgcache.py][line: 27][INFO] <init_cache> end!
[2018-11-27 13:31:27,994][71500][locationcache.py][line: 20][INFO] <init_cache> start....
[2018-11-27 13:31:27,999][71500][locationcache.py][line: 28][INFO] <init_cache> end!
[2018-11-27 13:31:28,008][71500][amscache.py][line: 22][INFO] <init_cache> start....
[2018-11-27 13:31:28,016][71500][amscache.py][line: 36][INFO] <init_cache> end!
[2018-11-27 13:31:28,019][71500][orgcache.py][line: 21][INFO] <init_cache> start....
[2018-11-27 13:31:28,029][71500][orgcache.py][line: 27][INFO] <init_cache> end!
[2018-11-27 13:31:28,038][71500][locationcache.py][line: 20][INFO] <init_cache> start....
[2018-11-27 13:31:28,050][71500][locationcache.py][line: 28][INFO] <init_cache> end!
[2018-11-27 13:31:28,064][71500][amscache.py][line: 22][INFO] <init_cache> start....
[2018-11-27 13:31:28,071][71500][amscache.py][line: 36][INFO] <init_cache> end!
[2018-11-27 13:31:28,075][71500][orgcache.py][line: 21][INFO] <init_cache> start....
[2018-11-27 13:31:28,107][71500][orgcache.py][line: 27][INFO] <init_cache> end!
[2018-11-27 13:31:28,108][71500][locationcache.py][line: 20][INFO] <init_cache> start....
[2018-11-27 13:31:28,111][71500][locationcache.py][line: 28][INFO] <init_cache> end!
[2018-11-27 13:31:28,131][71500][amscache.py][line: 22][INFO] <init_cache> start....
[2018-11-27 13:31:28,135][71500][amscache.py][line: 36][INFO] <init_cache> end!
[2018-11-27 13:31:28,142][71500][orgcache.py][line: 21][INFO] <init_cache> start....
[2018-11-27 13:31:28,156][71500][orgcache.py][line: 27][INFO] <init_cache> end!
[2018-11-27 13:31:28,162][71500][locationcache.py][line: 20][INFO] <init_cache> start....
[2018-11-27 13:31:28,166][71500][locationcache.py][line: 28][INFO] <init_cache> end!
[2018-11-27 13:31:28,187][71500][amscache.py][line: 22][INFO] <init_cache> start....
[2018-11-27 13:31:28,198][71500][amscache.py][line: 36][INFO] <init_cache> end!
[2018-11-27 13:31:28,199][71500][orgcache.py][line: 21][INFO] <init_cache> start....
[2018-11-27 13:31:28,225][71500][orgcache.py][line: 27][INFO] <init_cache> end!
[2018-11-27 13:31:28,226][71500][locationcache.py][line: 20][INFO] <init_cache> start....
[2018-11-27 13:31:28,229][71500][locationcache.py][line: 28][INFO] <init_cache> end!
[2018-11-27 13:31:28,244][71500][amscache.py][line: 22][INFO] <init_cache> start....
[2018-11-27 13:31:28,249][71500][amscache.py][line: 36][INFO] <init_cache> end!
[2018-11-27 13:31:28,249][71500][orgcache.py][line: 21][INFO] <init_cache> start....
[2018-11-27 13:31:28,271][71500][orgcache.py][line: 27][INFO] <init_cache> end!
[2018-11-27 13:31:28,276][71500][locationcache.py][line: 20][INFO] <init_cache> start....
[2018-11-27 13:31:28,280][71500][locationcache.py][line: 28][INFO] <init_cache> end!
[2018-11-27 13:31:28,300][71500][amscache.py][line: 22][INFO] <init_cache> start....
[2018-11-27 13:31:28,316][71500][amscache.py][line: 36][INFO] <init_cache> end!
[2018-11-27 13:31:28,316][71500][orgcache.py][line: 21][INFO] <init_cache> start....
[2018-11-27 13:31:28,339][71500][orgcache.py][line: 27][INFO] <init_cache> end!
[2018-11-27 13:31:28,340][71500][locationcache.py][line: 20][INFO] <init_cache> start....
[2018-11-27 13:31:28,349][71500][locationcache.py][line: 28][INFO] <init_cache> end!
[2018-11-27 13:31:28,368][71500][amscache.py][line: 22][INFO] <init_cache> start....
[2018-11-27 13:31:28,373][71500][amscache.py][line: 36][INFO] <init_cache> end!
[2018-11-27 13:31:28,378][71500][orgcache.py][line: 21][INFO] <init_cache> start....
[2018-11-27 13:31:28,407][71500][orgcache.py][line: 27][INFO] <init_cache> end!
[2018-11-27 13:31:28,408][71500][locationcache.py][line: 20][INFO] <init_cache> start....
[2018-11-27 13:31:28,420][71500][locationcache.py][line: 28][INFO] <init_cache> end!
[2018-11-27 13:31:28,461][71500][amscache.py][line: 22][INFO] <init_cache> start....
[2018-11-27 13:31:28,476][71500][amscache.py][line: 36][INFO] <init_cache> end!
[2018-11-27 13:31:28,486][71500][orgcache.py][line: 21][INFO] <init_cache> start....
[2018-11-27 13:31:28,520][71500][orgcache.py][line: 27][INFO] <init_cache> end!
[2018-11-27 13:31:28,523][71500][locationcache.py][line: 20][INFO] <init_cache> start....
[2018-11-27 13:31:28,531][71500][locationcache.py][line: 28][INFO] <init_cache> end!
[2018-11-27 13:31:28,579][71500][amscache.py][line: 22][INFO] <init_cache> start....
[2018-11-27 13:31:28,591][71500][amscache.py][line: 36][INFO] <init_cache> end!
[2018-11-27 13:31:28,592][71500][orgcache.py][line: 21][INFO] <init_cache> start....
[2018-11-27 13:31:28,619][71500][orgcache.py][line: 27][INFO] <init_cache> end!
[2018-11-27 13:31:28,620][71500][locationcache.py][line: 20][INFO] <init_cache> start....
[2018-11-27 13:31:28,627][71500][locationcache.py][line: 28][INFO] <init_cache> end!
[2018-11-27 13:31:28,649][71500][amscache.py][line: 22][INFO] <init_cache> start....
[2018-11-27 13:31:28,657][71500][amscache.py][line: 36][INFO] <init_cache> end!
[2018-11-27 13:31:28,660][71500][orgcache.py][line: 21][INFO] <init_cache> start....
[2018-11-27 13:31:28,714][71500][orgcache.py][line: 27][INFO] <init_cache> end!
[2018-11-27 13:31:28,715][71500][locationcache.py][line: 20][INFO] <init_cache> start....
[2018-11-27 13:31:28,736][71500][locationcache.py][line: 28][INFO] <init_cache> end!
[2018-11-27 13:31:28,780][71500][amscache.py][line: 22][INFO] <init_cache> start....
[2018-11-27 13:31:28,788][71500][amscache.py][line: 36][INFO] <init_cache> end!
[2018-11-27 13:31:28,790][71500][orgcache.py][line: 21][INFO] <init_cache> start....
[2018-11-27 13:31:28,807][71500][orgcache.py][line: 27][INFO] <init_cache> end!
[2018-11-27 13:31:28,807][71500][locationcache.py][line: 20][INFO] <init_cache> start....
[2018-11-27 13:31:28,814][71500][locationcache.py][line: 28][INFO] <init_cache> end!
[2018-11-27 13:31:28,825][71500][amscache.py][line: 22][INFO] <init_cache> start....
[2018-11-27 13:31:28,831][71500][amscache.py][line: 36][INFO] <init_cache> end!
[2018-11-27 13:31:28,832][71500][orgcache.py][line: 21][INFO] <init_cache> start....
[2018-11-27 13:31:28,838][71500][orgcache.py][line: 27][INFO] <init_cache> end!
[2018-11-27 13:31:28,838][71500][locationcache.py][line: 20][INFO] <init_cache> start....
[2018-11-27 13:31:28,857][71500][locationcache.py][line: 28][INFO] <init_cache> end!
[2018-11-27 13:31:28,867][71500][amscache.py][line: 22][INFO] <init_cache> start....
[2018-11-27 13:31:28,870][71500][amscache.py][line: 36][INFO] <init_cache> end!
[2018-11-27 13:31:28,872][71500][orgcache.py][line: 21][INFO] <init_cache> start....
[2018-11-27 13:31:28,881][71500][orgcache.py][line: 27][INFO] <init_cache> end!
[2018-11-27 13:31:28,883][71500][locationcache.py][line: 20][INFO] <init_cache> start....
[2018-11-27 13:31:28,887][71500][locationcache.py][line: 28][INFO] <init_cache> end!
[2018-11-27 13:31:28,894][71500][amscache.py][line: 22][INFO] <init_cache> start....
[2018-11-27 13:31:28,900][71500][amscache.py][line: 36][INFO] <init_cache> end!
[2018-11-27 13:31:28,900][71500][orgcache.py][line: 21][INFO] <init_cache> start....
[2018-11-27 13:31:28,907][71500][orgcache.py][line: 27][INFO] <init_cache> end!
[2018-11-27 13:31:28,908][71500][locationcache.py][line: 20][INFO] <init_cache> start....
[2018-11-27 13:31:28,913][71500][locationcache.py][line: 28][INFO] <init_cache> end!
[2018-11-27 13:31:28,922][71500][amscache.py][line: 22][INFO] <init_cache> start....
[2018-11-27 13:31:28,925][71500][amscache.py][line: 36][INFO] <init_cache> end!
[2018-11-27 13:31:28,925][71500][orgcache.py][line: 21][INFO] <init_cache> start....
[2018-11-27 13:31:28,933][71500][orgcache.py][line: 27][INFO] <init_cache> end!
[2018-11-27 13:31:28,934][71500][locationcache.py][line: 20][INFO] <init_cache> start....
[2018-11-27 13:31:28,938][71500][locationcache.py][line: 28][INFO] <init_cache> end!
[2018-11-27 13:31:28,947][71500][amscache.py][line: 22][INFO] <init_cache> start....
[2018-11-27 13:31:28,949][71500][amscache.py][line: 36][INFO] <init_cache> end!
[2018-11-27 13:31:28,949][71500][orgcache.py][line: 21][INFO] <init_cache> start....
[2018-11-27 13:31:28,958][71500][orgcache.py][line: 27][INFO] <init_cache> end!
[2018-11-27 13:31:28,958][71500][locationcache.py][line: 20][INFO] <init_cache> start....
[2018-11-27 13:31:28,963][71500][locationcache.py][line: 28][INFO] <init_cache> end!
[2018-11-27 13:31:28,972][71500][amscache.py][line: 22][INFO] <init_cache> start....
[2018-11-27 13:31:28,974][71500][amscache.py][line: 36][INFO] <init_cache> end!
[2018-11-27 13:31:28,978][71500][orgcache.py][line: 21][INFO] <init_cache> start....
[2018-11-27 13:31:28,984][71500][orgcache.py][line: 27][INFO] <init_cache> end!
[2018-11-27 13:31:28,985][71500][locationcache.py][line: 20][INFO] <init_cache> start....
[2018-11-27 13:31:28,987][71500][locationcache.py][line: 28][INFO] <init_cache> end!
[2018-11-27 13:31:28,997][71500][amscache.py][line: 22][INFO] <init_cache> start....
[2018-11-27 13:31:29,000][71500][amscache.py][line: 36][INFO] <init_cache> end!
[2018-11-27 13:31:29,001][71500][orgcache.py][line: 21][INFO] <init_cache> start....
[2018-11-27 13:31:29,008][71500][orgcache.py][line: 27][INFO] <init_cache> end!
[2018-11-27 13:31:29,008][71500][locationcache.py][line: 20][INFO] <init_cache> start....
[2018-11-27 13:31:29,012][71500][locationcache.py][line: 28][INFO] <init_cache> end!
[2018-11-27 13:31:29,021][71500][amscache.py][line: 22][INFO] <init_cache> start....
[2018-11-27 13:31:29,023][71500][amscache.py][line: 36][INFO] <init_cache> end!
[2018-11-27 13:31:29,023][71500][orgcache.py][line: 21][INFO] <init_cache> start....
[2018-11-27 13:31:29,034][71500][orgcache.py][line: 27][INFO] <init_cache> end!
[2018-11-27 13:31:29,034][71500][locationcache.py][line: 20][INFO] <init_cache> start....
[2018-11-27 13:31:29,036][71500][locationcache.py][line: 28][INFO] <init_cache> end!
[2018-11-27 13:31:29,044][71500][amscache.py][line: 22][INFO] <init_cache> start....
[2018-11-27 13:31:29,047][71500][amscache.py][line: 36][INFO] <init_cache> end!
[2018-11-27 13:31:29,047][71500][orgcache.py][line: 21][INFO] <init_cache> start....
[2018-11-27 13:31:29,054][71500][orgcache.py][line: 27][INFO] <init_cache> end!
[2018-11-27 13:31:29,054][71500][locationcache.py][line: 20][INFO] <init_cache> start....
[2018-11-27 13:31:29,058][71500][locationcache.py][line: 28][INFO] <init_cache> end!
[2018-11-27 13:31:29,068][71500][amscache.py][line: 22][INFO] <init_cache> start....
[2018-11-27 13:31:29,071][71500][amscache.py][line: 36][INFO] <init_cache> end!
[2018-11-27 13:31:29,071][71500][orgcache.py][line: 21][INFO] <init_cache> start....
[2018-11-27 13:31:29,081][71500][orgcache.py][line: 27][INFO] <init_cache> end!
[2018-11-27 13:31:29,081][71500][locationcache.py][line: 20][INFO] <init_cache> start....
[2018-11-27 13:31:29,085][71500][locationcache.py][line: 28][INFO] <init_cache> end!
[2018-11-27 13:31:29,096][71500][amscache.py][line: 22][INFO] <init_cache> start....
[2018-11-27 13:31:29,098][71500][amscache.py][line: 36][INFO] <init_cache> end!
[2018-11-27 13:31:29,099][71500][orgcache.py][line: 21][INFO] <init_cache> start....
[2018-11-27 13:31:29,112][71500][orgcache.py][line: 27][INFO] <init_cache> end!
[2018-11-27 13:31:29,114][71500][locationcache.py][line: 20][INFO] <init_cache> start....
[2018-11-27 13:31:29,118][71500][locationcache.py][line: 28][INFO] <init_cache> end!
[2018-11-27 13:31:29,125][71500][amscache.py][line: 22][INFO] <init_cache> start....
[2018-11-27 13:31:29,131][71500][amscache.py][line: 36][INFO] <init_cache> end!
[2018-11-27 13:31:29,132][71500][orgcache.py][line: 21][INFO] <init_cache> start....
[2018-11-27 13:31:29,140][71500][orgcache.py][line: 27][INFO] <init_cache> end!
[2018-11-27 13:31:29,140][71500][locationcache.py][line: 20][INFO] <init_cache> start....
[2018-11-27 13:31:29,146][71500][locationcache.py][line: 28][INFO] <init_cache> end!
[2018-11-27 13:31:29,155][71500][amscache.py][line: 22][INFO] <init_cache> start....
[2018-11-27 13:31:29,158][71500][amscache.py][line: 36][INFO] <init_cache> end!
[2018-11-27 13:31:29,158][71500][orgcache.py][line: 21][INFO] <init_cache> start....
[2018-11-27 13:31:29,168][71500][orgcache.py][line: 27][INFO] <init_cache> end!
[2018-11-27 13:31:29,168][71500][locationcache.py][line: 20][INFO] <init_cache> start....
[2018-11-27 13:32:26,197][70908][amscache.py][line: 22][INFO] <init_cache> start....
[2018-11-27 13:32:26,239][70908][amscache.py][line: 36][INFO] <init_cache> end!
[2018-11-27 13:32:26,239][70908][orgcache.py][line: 21][INFO] <init_cache> start....
[2018-11-27 13:32:26,281][70908][orgcache.py][line: 27][INFO] <init_cache> end!
[2018-11-27 13:32:26,281][70908][locationcache.py][line: 20][INFO] <init_cache> start....
[2018-11-27 13:32:26,284][70908][locationcache.py][line: 28][INFO] <init_cache> end!
[2018-11-27 13:35:37,516][70908][wxaccount.py][line: 117][INFO] <sync_access_token> id: undefined
[2018-11-27 13:35:37,516][70908][account.py][line: 18][INFO] <refresh_access_token> account_id: undefined
[2018-11-27 13:35:37,536][70908][account.py][line: 57][ERROR] <refresh_access_token> account_id: undefined, error: 
Traceback (most recent call last):
  File "d:\miniconda3\envs\python3\lib\site-packages\sqlalchemy\engine\base.py", line 1193, in _execute_context
    context)
  File "d:\miniconda3\envs\python3\lib\site-packages\sqlalchemy\engine\default.py", line 508, in do_execute
    cursor.execute(statement, parameters)
psycopg2.DataError: :  : "undefined"
LINE 3: WHERE a.id = 'undefined'
                     ^


The above exception was the direct cause of the following exception:

Traceback (most recent call last):
  File "D:\dev\github\seecent\cms-service\plugins\weixin\services\account.py", line 19, in refresh_access_token
    row = db.get(wxaccounts, account_id)
  File "D:\dev\github\seecent\cms-service\api\ext\db.py", line 565, in get
    return self.conn.execute(q).fetchone()
  File "d:\miniconda3\envs\python3\lib\site-packages\sqlalchemy\engine\base.py", line 948, in execute
    return meth(self, multiparams, params)
  File "d:\miniconda3\envs\python3\lib\site-packages\sqlalchemy\sql\elements.py", line 269, in _execute_on_connection
    return connection._execute_clauseelement(self, multiparams, params)
  File "d:\miniconda3\envs\python3\lib\site-packages\sqlalchemy\engine\base.py", line 1060, in _execute_clauseelement
    compiled_sql, distilled_params
  File "d:\miniconda3\envs\python3\lib\site-packages\sqlalchemy\engine\base.py", line 1200, in _execute_context
    context)
  File "d:\miniconda3\envs\python3\lib\site-packages\sqlalchemy\engine\base.py", line 1413, in _handle_dbapi_exception
    exc_info
  File "d:\miniconda3\envs\python3\lib\site-packages\sqlalchemy\util\compat.py", line 203, in raise_from_cause
    reraise(type(exception), exception, tb=exc_tb, cause=cause)
  File "d:\miniconda3\envs\python3\lib\site-packages\sqlalchemy\util\compat.py", line 186, in reraise
    raise value.with_traceback(tb)
  File "d:\miniconda3\envs\python3\lib\site-packages\sqlalchemy\engine\base.py", line 1193, in _execute_context
    context)
  File "d:\miniconda3\envs\python3\lib\site-packages\sqlalchemy\engine\default.py", line 508, in do_execute
    cursor.execute(statement, parameters)
sqlalchemy.exc.DataError: (psycopg2.DataError) :  : "undefined"
LINE 3: WHERE a.id = 'undefined'
                     ^
 [SQL: 'SELECT a.id, a.code, a.app_id, a.app_secret, a.name, a.description, a.access_token, a.refresh_time, a.effective_time, a.status, a.created_date, a.last_modifed \nFROM wx_accounts AS a \nWHERE a.id = %(id_1)s'] [parameters: {'id_1': 'undefined'}] (Background on this error at: http://sqlalche.me/e/9h9h)
[2018-11-27 14:02:51,890][70908][wxaccount.py][line: 117][INFO] <sync_access_token> id: 1
[2018-11-27 14:02:51,891][70908][account.py][line: 18][INFO] <refresh_access_token> account_id: 1
[2018-11-27 14:02:51,896][70908][account.py][line: 28][INFO] <refresh_access_token> account: 
[2018-11-27 14:02:52,684][70908][account.py][line: 38][INFO] <refresh_access_token> status_code: 200
[2018-11-27 14:02:52,685][70908][account.py][line: 41][INFO] <refresh_access_token> res json: {'errcode': 40164, 'errmsg': 'invalid ip 222.244.80.188, not in whitelist hint: [LjQykA08332067]'}
[2018-11-27 14:03:46,599][70908][wxaccount.py][line: 117][INFO] <sync_access_token> id: 1
[2018-11-27 14:03:46,600][70908][account.py][line: 18][INFO] <refresh_access_token> account_id: 1
[2018-11-27 14:03:46,602][70908][account.py][line: 28][INFO] <refresh_access_token> account: 
[2018-11-27 14:03:46,969][70908][account.py][line: 38][INFO] <refresh_access_token> status_code: 200
[2018-11-27 14:03:46,969][70908][account.py][line: 41][INFO] <refresh_access_token> res json: {'errcode': 40164, 'errmsg': 'invalid ip 222.244.80.188, not in whitelist hint: [LjqDAA0887hb97]'}
[2018-11-27 14:25:52,060][73656][amscache.py][line: 22][INFO] <init_cache> start....
[2018-11-27 14:25:52,101][73656][amscache.py][line: 36][INFO] <init_cache> end!
[2018-11-27 14:25:52,101][73656][orgcache.py][line: 21][INFO] <init_cache> start....
[2018-11-27 14:25:52,142][73656][orgcache.py][line: 27][INFO] <init_cache> end!
[2018-11-27 14:25:52,142][73656][locationcache.py][line: 20][INFO] <init_cache> start....
[2018-11-27 14:25:52,145][73656][locationcache.py][line: 28][INFO] <init_cache> end!
[2018-11-27 14:26:14,925][73656][wxaccount.py][line: 117][INFO] <sync_access_token> id: 2
[2018-11-27 14:26:14,926][73656][account.py][line: 20][INFO] <refresh_access_token> account_id: 2
[2018-11-27 14:26:14,932][73656][account.py][line: 30][INFO] <refresh_access_token> account: 
[2018-11-27 14:26:15,601][73656][account.py][line: 40][INFO] <refresh_access_token> status_code: 200
[2018-11-27 14:26:15,603][73656][account.py][line: 43][INFO] <refresh_access_token> res json: {'errcode': 40013, 'errmsg': 'invalid appid hint: [_Aj0.a02361466]'}
[2018-11-27 14:26:45,345][73656][wxaccount.py][line: 117][INFO] <sync_access_token> id: 1
[2018-11-27 14:26:45,346][73656][account.py][line: 20][INFO] <refresh_access_token> account_id: 1
[2018-11-27 14:26:45,353][73656][account.py][line: 30][INFO] <refresh_access_token> account: 
[2018-11-27 14:26:45,591][73656][account.py][line: 40][INFO] <refresh_access_token> status_code: 200
[2018-11-27 14:26:45,593][73656][account.py][line: 43][INFO] <refresh_access_token> res json: {'errcode': 40164, 'errmsg': 'invalid ip 222.244.80.188, not in whitelist hint: [vkobXa02663612]'}
[2018-11-27 14:30:10,855][73656][wxaccount.py][line: 117][INFO] <sync_access_token> id: 1
[2018-11-27 14:30:10,855][73656][account.py][line: 20][INFO] <refresh_access_token> account_id: 1
[2018-11-27 14:30:10,863][73656][account.py][line: 30][INFO] <refresh_access_token> account: 
[2018-11-27 14:30:11,136][73656][account.py][line: 40][INFO] <refresh_access_token> status_code: 200
[2018-11-27 14:30:11,137][73656][account.py][line: 43][INFO] <refresh_access_token> res json: {'errcode': 40164, 'errmsg': 'invalid ip 222.244.80.188, not in whitelist hint: [xhYmVA04711466]'}
[2018-11-27 14:39:23,278][73656][wxaccount.py][line: 117][INFO] <sync_access_token> id: 1
[2018-11-27 14:39:23,278][73656][account.py][line: 20][INFO] <refresh_access_token> account_id: 1
[2018-11-27 14:39:23,285][73656][account.py][line: 30][INFO] <refresh_access_token> account: 
[2018-11-27 14:39:23,625][73656][account.py][line: 40][INFO] <refresh_access_token> status_code: 200
[2018-11-27 14:39:23,625][73656][account.py][line: 43][INFO] <refresh_access_token> res json: {'errcode': 40164, 'errmsg': 'invalid ip 222.244.80.188, not in whitelist hint: [IahcPa00242790]'}
[2018-11-27 14:39:27,956][73656][wxaccount.py][line: 117][INFO] <sync_access_token> id: 1
[2018-11-27 14:39:27,957][73656][account.py][line: 20][INFO] <refresh_access_token> account_id: 1
[2018-11-27 14:39:27,963][73656][account.py][line: 30][INFO] <refresh_access_token> account: 
[2018-11-27 14:39:28,217][73656][account.py][line: 40][INFO] <refresh_access_token> status_code: 200
[2018-11-27 14:39:28,218][73656][account.py][line: 43][INFO] <refresh_access_token> res json: {'errcode': 40164, 'errmsg': 'invalid ip 222.244.80.188, not in whitelist hint: [mREAoA0029hb96]'}
